

Microchip MPLAB XC8 Assembler V2.41 build 20230208172133 
                                                                                               Thu Aug 17 17:30:04 2023

Microchip MPLAB XC8 C Compiler v2.41 (Free license) build 20230208172133 Og1 
     1                           	processor	16F887
     2                           	pagewidth 120
     3                           	opt	flic
     4                           	psect	strings,global,class=STRING,delta=2,noexec
     5                           	psect	cinit,global,class=CODE,merge=1,delta=2
     6                           	psect	bssCOMMON,global,class=COMMON,space=1,delta=1,noexec
     7                           	psect	bssBANK0,global,class=BANK0,space=1,delta=1,noexec
     8                           	psect	cstackCOMMON,global,class=COMMON,space=1,delta=1,noexec
     9                           	psect	maintext,global,class=CODE,split=1,delta=2
    10                           	psect	text1,local,class=CODE,merge=1,delta=2
    11                           	psect	text2,local,class=CODE,merge=1,delta=2
    12                           	psect	text3,local,class=CODE,merge=1,delta=2
    13                           	psect	intentry,global,class=CODE,delta=2
    14                           	psect	config,global,abs,ovrld,class=CONFIG,space=4,delta=2,noexec
    15                           	dabs	1,0x7E,2
    16     0000                     
    17                           ; Generated 22/03/2023 GMT
    18                           ; 
    19                           ; Copyright © 2023, Microchip Technology Inc. and its subsidiaries ("Microchip")
    20                           ; All rights reserved.
    21                           ; 
    22                           ; This software is developed by Microchip Technology Inc. and its subsidiaries ("Microch
      +                          ip").
    23                           ; 
    24                           ; Redistribution and use in source and binary forms, with or without modification, are
    25                           ; permitted provided that the following conditions are met:
    26                           ; 
    27                           ;     1. Redistributions of source code must retain the above copyright notice, this lis
      +                          t of
    28                           ;        conditions and the following disclaimer.
    29                           ; 
    30                           ;     2. Redistributions in binary form must reproduce the above copyright notice, this 
      +                          list
    31                           ;        of conditions and the following disclaimer in the documentation and/or other
    32                           ;        materials provided with the distribution. Publication is not required when
    33                           ;        this file is used in an embedded application.
    34                           ; 
    35                           ;     3. Microchip's name may not be used to endorse or promote products derived from th
      +                          is
    36                           ;        software without specific prior written permission.
    37                           ; 
    38                           ; THIS SOFTWARE IS PROVIDED BY MICROCHIP "AS IS" AND ANY EXPRESS OR IMPLIED WARRANTIES,
    39                           ; INCLUDING, BUT NOT LIMITED TO, THE IMPLIED WARRANTIES OF MERCHANTABILITY AND FITNESS F
      +                          OR
    40                           ; PURPOSE ARE DISCLAIMED.  IN NO EVENT SHALL MICROCHIP BE LIABLE FOR ANY DIRECT, INDIREC
      +                          T,
    41                           ; INCIDENTAL, SPECIAL, EXEMPLARY, OR CONSEQUENTIAL DAMAGES (INCLUDING BUT NOT LIMITED TO
    42                           ; PROCUREMENT OF SUBSTITUTE GOODS OR SERVICES; LOSS OF USE, DATA OR PROFITS; OR BUSINESS
    43                           ; INTERRUPTION) HOWSOEVER CAUSED AND ON ANY THEORY OF LIABILITY, WHETHER IN CONTRACT, ST
      +                          RICT
    44                           ; LIABILITY, OR TORT (INCLUDING NEGLIGENCE OR OTHERWISE) ARISING IN ANY WAY OUT OF THE U
      +                          SE OF
    45                           ; THIS SOFTWARE, EVEN IF ADVISED OF THE POSSIBILITY OF SUCH DAMAGE.
    46                           ; 
    47                           ; 
    48                           ; Code-generator required, PIC16F887 Definitions
    49                           ; 
    50                           ; SFR Addresses
    51     0000                     	;# 
    52     0001                     	;# 
    53     0002                     	;# 
    54     0003                     	;# 
    55     0004                     	;# 
    56     0005                     	;# 
    57     0006                     	;# 
    58     0007                     	;# 
    59     0008                     	;# 
    60     0009                     	;# 
    61     000A                     	;# 
    62     000B                     	;# 
    63     000C                     	;# 
    64     000D                     	;# 
    65     000E                     	;# 
    66     000E                     	;# 
    67     000F                     	;# 
    68     0010                     	;# 
    69     0011                     	;# 
    70     0012                     	;# 
    71     0013                     	;# 
    72     0014                     	;# 
    73     0015                     	;# 
    74     0015                     	;# 
    75     0016                     	;# 
    76     0017                     	;# 
    77     0018                     	;# 
    78     0019                     	;# 
    79     001A                     	;# 
    80     001B                     	;# 
    81     001B                     	;# 
    82     001C                     	;# 
    83     001D                     	;# 
    84     001E                     	;# 
    85     001F                     	;# 
    86     0081                     	;# 
    87     0085                     	;# 
    88     0086                     	;# 
    89     0087                     	;# 
    90     0088                     	;# 
    91     0089                     	;# 
    92     008C                     	;# 
    93     008D                     	;# 
    94     008E                     	;# 
    95     008F                     	;# 
    96     0090                     	;# 
    97     0091                     	;# 
    98     0092                     	;# 
    99     0093                     	;# 
   100     0093                     	;# 
   101     0093                     	;# 
   102     0094                     	;# 
   103     0095                     	;# 
   104     0096                     	;# 
   105     0097                     	;# 
   106     0098                     	;# 
   107     0099                     	;# 
   108     009A                     	;# 
   109     009B                     	;# 
   110     009C                     	;# 
   111     009D                     	;# 
   112     009E                     	;# 
   113     009F                     	;# 
   114     0105                     	;# 
   115     0107                     	;# 
   116     0108                     	;# 
   117     0109                     	;# 
   118     010C                     	;# 
   119     010C                     	;# 
   120     010D                     	;# 
   121     010E                     	;# 
   122     010F                     	;# 
   123     0185                     	;# 
   124     0187                     	;# 
   125     0188                     	;# 
   126     0189                     	;# 
   127     018C                     	;# 
   128     018D                     	;# 
   129     0000                     	;# 
   130     0001                     	;# 
   131     0002                     	;# 
   132     0003                     	;# 
   133     0004                     	;# 
   134     0005                     	;# 
   135     0006                     	;# 
   136     0007                     	;# 
   137     0008                     	;# 
   138     0009                     	;# 
   139     000A                     	;# 
   140     000B                     	;# 
   141     000C                     	;# 
   142     000D                     	;# 
   143     000E                     	;# 
   144     000E                     	;# 
   145     000F                     	;# 
   146     0010                     	;# 
   147     0011                     	;# 
   148     0012                     	;# 
   149     0013                     	;# 
   150     0014                     	;# 
   151     0015                     	;# 
   152     0015                     	;# 
   153     0016                     	;# 
   154     0017                     	;# 
   155     0018                     	;# 
   156     0019                     	;# 
   157     001A                     	;# 
   158     001B                     	;# 
   159     001B                     	;# 
   160     001C                     	;# 
   161     001D                     	;# 
   162     001E                     	;# 
   163     001F                     	;# 
   164     0081                     	;# 
   165     0085                     	;# 
   166     0086                     	;# 
   167     0087                     	;# 
   168     0088                     	;# 
   169     0089                     	;# 
   170     008C                     	;# 
   171     008D                     	;# 
   172     008E                     	;# 
   173     008F                     	;# 
   174     0090                     	;# 
   175     0091                     	;# 
   176     0092                     	;# 
   177     0093                     	;# 
   178     0093                     	;# 
   179     0093                     	;# 
   180     0094                     	;# 
   181     0095                     	;# 
   182     0096                     	;# 
   183     0097                     	;# 
   184     0098                     	;# 
   185     0099                     	;# 
   186     009A                     	;# 
   187     009B                     	;# 
   188     009C                     	;# 
   189     009D                     	;# 
   190     009E                     	;# 
   191     009F                     	;# 
   192     0105                     	;# 
   193     0107                     	;# 
   194     0108                     	;# 
   195     0109                     	;# 
   196     010C                     	;# 
   197     010C                     	;# 
   198     010D                     	;# 
   199     010E                     	;# 
   200     010F                     	;# 
   201     0185                     	;# 
   202     0187                     	;# 
   203     0188                     	;# 
   204     0189                     	;# 
   205     018C                     	;# 
   206     018D                     	;# 
   207     0000                     	;# 
   208     0001                     	;# 
   209     0002                     	;# 
   210     0003                     	;# 
   211     0004                     	;# 
   212     0005                     	;# 
   213     0006                     	;# 
   214     0007                     	;# 
   215     0008                     	;# 
   216     0009                     	;# 
   217     000A                     	;# 
   218     000B                     	;# 
   219     000C                     	;# 
   220     000D                     	;# 
   221     000E                     	;# 
   222     000E                     	;# 
   223     000F                     	;# 
   224     0010                     	;# 
   225     0011                     	;# 
   226     0012                     	;# 
   227     0013                     	;# 
   228     0014                     	;# 
   229     0015                     	;# 
   230     0015                     	;# 
   231     0016                     	;# 
   232     0017                     	;# 
   233     0018                     	;# 
   234     0019                     	;# 
   235     001A                     	;# 
   236     001B                     	;# 
   237     001B                     	;# 
   238     001C                     	;# 
   239     001D                     	;# 
   240     001E                     	;# 
   241     001F                     	;# 
   242     0081                     	;# 
   243     0085                     	;# 
   244     0086                     	;# 
   245     0087                     	;# 
   246     0088                     	;# 
   247     0089                     	;# 
   248     008C                     	;# 
   249     008D                     	;# 
   250     008E                     	;# 
   251     008F                     	;# 
   252     0090                     	;# 
   253     0091                     	;# 
   254     0092                     	;# 
   255     0093                     	;# 
   256     0093                     	;# 
   257     0093                     	;# 
   258     0094                     	;# 
   259     0095                     	;# 
   260     0096                     	;# 
   261     0097                     	;# 
   262     0098                     	;# 
   263     0099                     	;# 
   264     009A                     	;# 
   265     009B                     	;# 
   266     009C                     	;# 
   267     009D                     	;# 
   268     009E                     	;# 
   269     009F                     	;# 
   270     0105                     	;# 
   271     0107                     	;# 
   272     0108                     	;# 
   273     0109                     	;# 
   274     010C                     	;# 
   275     010C                     	;# 
   276     010D                     	;# 
   277     010E                     	;# 
   278     010F                     	;# 
   279     0185                     	;# 
   280     0187                     	;# 
   281     0188                     	;# 
   282     0189                     	;# 
   283     018C                     	;# 
   284     018D                     	;# 
   285     000B                     _INTCONbits	set	11
   286     0008                     _PORTD	set	8
   287     0008                     _PORTDbits	set	8
   288     001F                     _ADCON0bits	set	31
   289     0006                     _PORTB	set	6
   290     0014                     _SSPCONbits	set	20
   291     000C                     _PIR1bits	set	12
   292     0013                     _SSPBUF	set	19
   293     0014                     _SSPCON	set	20
   294     0063                     _SSPIF	set	99
   295     005E                     _PEIE	set	94
   296     005F                     _GIE	set	95
   297     008C                     _PIE1bits	set	140
   298     009F                     _ADCON1bits	set	159
   299     008F                     _OSCCONbits	set	143
   300     0088                     _TRISD	set	136
   301     0086                     _TRISB	set	134
   302     0094                     _SSPSTATbits	set	148
   303     0091                     _SSPCON2bits	set	145
   304     0087                     _TRISCbits	set	135
   305     0094                     _SSPSTAT	set	148
   306     0093                     _SSPADD	set	147
   307     0091                     _SSPCON2	set	145
   308     04A0                     _BF	set	1184
   309     0463                     _SSPIE	set	1123
   310     043C                     _TRISC4	set	1084
   311     043B                     _TRISC3	set	1083
   312     0189                     _ANSELH	set	393
   313     0188                     _ANSEL	set	392
   314                           
   315                           	psect	strings
   316     00CB                     __pstrings:
   317     00CB                     stringtab:
   318     00CB                     __stringtab:
   319     00CB                     stringcode:	
   320                           ;	String table - string pointers are 1 byte each
   321                           
   322     00CB                     stringdir:
   323     00CB  3000               	movlw	high stringdir
   324     00CC  008A               	movwf	10
   325     00CD  0804               	movf	4,w
   326     00CE  0A84               	incf	4,f
   327     00CF  0782               	addwf	2,f
   328     00D0                     __stringbase:
   329     00D0  3400               	retlw	0
   330     00D1                     __end_of__stringtab:
   331     00D1                     STR_2:
   332     00D1  344D               	retlw	77	;'M'
   333     00D2  346F               	retlw	111	;'o'
   334     00D3  3474               	retlw	116	;'t'
   335     00D4  346F               	retlw	111	;'o'
   336     00D5  3472               	retlw	114	;'r'
   337     00D6  3431               	retlw	49	;'1'
   338     00D7  344F               	retlw	79	;'O'
   339     00D8  3446               	retlw	70	;'F'
   340     00D9  3446               	retlw	70	;'F'
   341     00DA  3400               	retlw	0
   342     00DB                     STR_1:
   343     00DB  344D               	retlw	77	;'M'
   344     00DC  346F               	retlw	111	;'o'
   345     00DD  3474               	retlw	116	;'t'
   346     00DE  346F               	retlw	111	;'o'
   347     00DF  3472               	retlw	114	;'r'
   348     00E0  3431               	retlw	49	;'1'
   349     00E1  3445               	retlw	69	;'E'
   350     00E2  344E               	retlw	78	;'N'
   351     00E3  3400               	retlw	0
   352                           
   353                           	psect	cinit
   354     000F                     start_initialization:	
   355                           ; #config settings
   356                           
   357     000F                     __initialization:
   358                           
   359                           ; Clear objects allocated to COMMON
   360     000F  01F8               	clrf	__pbssCOMMON& (0+127)
   361     0010  01F9               	clrf	(__pbssCOMMON+1)& (0+127)
   362     0011  01FA               	clrf	(__pbssCOMMON+2)& (0+127)
   363     0012  01FB               	clrf	(__pbssCOMMON+3)& (0+127)
   364     0013  01FC               	clrf	(__pbssCOMMON+4)& (0+127)
   365                           
   366                           ; Clear objects allocated to BANK0
   367     0014  1283               	bcf	3,5	;RP0=0, select bank0
   368     0015  1303               	bcf	3,6	;RP1=0, select bank0
   369     0016  01A0               	clrf	__pbssBANK0& (0+127)
   370     0017  01A1               	clrf	(__pbssBANK0+1)& (0+127)
   371     0018  01A2               	clrf	(__pbssBANK0+2)& (0+127)
   372     0019  01A3               	clrf	(__pbssBANK0+3)& (0+127)
   373     001A  01A4               	clrf	(__pbssBANK0+4)& (0+127)
   374     001B  01A5               	clrf	(__pbssBANK0+5)& (0+127)
   375     001C  01A6               	clrf	(__pbssBANK0+6)& (0+127)
   376     001D  01A7               	clrf	(__pbssBANK0+7)& (0+127)
   377     001E  01A8               	clrf	(__pbssBANK0+8)& (0+127)
   378     001F  01A9               	clrf	(__pbssBANK0+9)& (0+127)
   379     0020                     end_of_initialization:	
   380                           ;End of C runtime variable initialization code
   381                           
   382     0020                     __end_of__initialization:
   383     0020  0183               	clrf	3
   384     0021  120A  118A  28E4   	ljmp	_main	;jump to C main() function
   385                           
   386                           	psect	bssCOMMON
   387     0078                     __pbssCOMMON:
   388     0078                     _i:
   389     0078                     	ds	2
   390     007A                     _state:
   391     007A                     	ds	1
   392     007B                     _dato:
   393     007B                     	ds	1
   394     007C                     _z:
   395     007C                     	ds	1
   396                           
   397                           	psect	bssBANK0
   398     0020                     __pbssBANK0:
   399     0020                     _varvolt:
   400     0020                     	ds	4
   401     0024                     _val:
   402     0024                     	ds	2
   403     0026                     _valpot1:
   404     0026                     	ds	2
   405     0028                     _valpot0:
   406     0028                     	ds	2
   407                           
   408                           	psect	cstackCOMMON
   409     0070                     __pcstackCOMMON:
   410     0070                     ?_setup:
   411     0070                     ?_I2C_Slave_Init:	
   412                           ; 1 bytes @ 0x0
   413                           
   414     0070                     ?_isr:	
   415                           ; 1 bytes @ 0x0
   416                           
   417     0070                     ??_isr:	
   418                           ; 1 bytes @ 0x0
   419                           
   420     0070                     ?_main:	
   421                           ; 1 bytes @ 0x0
   422                           
   423                           
   424                           ; 1 bytes @ 0x0
   425     0070                     	ds	3
   426     0073                     ??_I2C_Slave_Init:
   427     0073                     I2C_Slave_Init@address:	
   428                           ; 1 bytes @ 0x3
   429                           
   430                           
   431                           ; 1 bytes @ 0x3
   432     0073                     	ds	1
   433     0074                     ??_setup:
   434                           
   435                           ; 1 bytes @ 0x4
   436     0074                     	ds	1
   437     0075                     ??_main:
   438                           
   439                           ; 1 bytes @ 0x5
   440     0075                     	ds	3
   441                           
   442                           	psect	maintext
   443     00E4                     __pmaintext:	
   444 ;;
   445 ;;Main: autosize = 0, tempsize = 3, incstack = 0, save=0
   446 ;;
   447 ;; *************** function _main *****************
   448 ;; Defined at:
   449 ;;		line 111 in file "Slave1.c"
   450 ;; Parameters:    Size  Location     Type
   451 ;;		None
   452 ;; Auto vars:     Size  Location     Type
   453 ;;		None
   454 ;; Return value:  Size  Location     Type
   455 ;;                  1    wreg      void 
   456 ;; Registers used:
   457 ;;		wreg, status,2, status,0, pclath, cstack
   458 ;; Tracked objects:
   459 ;;		On entry : B00/0
   460 ;;		On exit  : 0/0
   461 ;;		Unchanged: 0/0
   462 ;; Data sizes:     COMMON   BANK0   BANK1   BANK3   BANK2
   463 ;;      Params:         0       0       0       0       0
   464 ;;      Locals:         0       0       0       0       0
   465 ;;      Temps:          3       0       0       0       0
   466 ;;      Totals:         3       0       0       0       0
   467 ;;Total ram usage:        3 bytes
   468 ;; Hardware stack levels required when called: 3
   469 ;; This function calls:
   470 ;;		_setup
   471 ;; This function is called by:
   472 ;;		Startup code after reset
   473 ;; This function uses a non-reentrant model
   474 ;;
   475                           
   476     00E4                     _main:	
   477                           ;psect for function _main
   478                           
   479     00E4                     l866:	
   480                           ;incstack = 0
   481                           ; Regs used in _main: [wreg+status,2+status,0+pclath+cstack]
   482                           
   483                           
   484                           ;Slave1.c: 112:     setup();
   485     00E4  120A  118A  2080  120A  118A  	fcall	_setup
   486     00E9                     l868:
   487                           
   488                           ;Slave1.c: 113:     ADCON0bits.GO =1;
   489     00E9  1283               	bcf	3,5	;RP0=0, select bank0
   490     00EA  1303               	bcf	3,6	;RP1=0, select bank0
   491     00EB  149F               	bsf	31,1	;volatile
   492     00EC                     l874:
   493                           
   494                           ;Slave1.c: 133:        _delay((unsigned long)((500)*(8000000/4000.0)));
   495     00EC  3006               	movlw	6
   496     00ED  00F7               	movwf	??_main+2
   497     00EE  3013               	movlw	19
   498     00EF  00F6               	movwf	??_main+1
   499     00F0  30AD               	movlw	173
   500     00F1  00F5               	movwf	??_main
   501     00F2                     u147:
   502     00F2  0BF5               	decfsz	??_main,f
   503     00F3  28F2               	goto	u147
   504     00F4  0BF6               	decfsz	??_main+1,f
   505     00F5  28F2               	goto	u147
   506     00F6  0BF7               	decfsz	??_main+2,f
   507     00F7  28F2               	goto	u147
   508     00F8  28F9               	nop2
   509     00F9  28EC               	goto	l874
   510     00FA  120A  118A  280C   	ljmp	start
   511     00FD                     __end_of_main:
   512                           
   513                           	psect	text1
   514     0080                     __ptext1:	
   515 ;; *************** function _setup *****************
   516 ;; Defined at:
   517 ;;		line 142 in file "Slave1.c"
   518 ;; Parameters:    Size  Location     Type
   519 ;;		None
   520 ;; Auto vars:     Size  Location     Type
   521 ;;		None
   522 ;; Return value:  Size  Location     Type
   523 ;;                  1    wreg      void 
   524 ;; Registers used:
   525 ;;		wreg, status,2, status,0, pclath, cstack
   526 ;; Tracked objects:
   527 ;;		On entry : 0/0
   528 ;;		On exit  : 0/0
   529 ;;		Unchanged: 0/0
   530 ;; Data sizes:     COMMON   BANK0   BANK1   BANK3   BANK2
   531 ;;      Params:         0       0       0       0       0
   532 ;;      Locals:         0       0       0       0       0
   533 ;;      Temps:          1       0       0       0       0
   534 ;;      Totals:         1       0       0       0       0
   535 ;;Total ram usage:        1 bytes
   536 ;; Hardware stack levels used: 1
   537 ;; Hardware stack levels required when called: 2
   538 ;; This function calls:
   539 ;;		_I2C_Slave_Init
   540 ;; This function is called by:
   541 ;;		_main
   542 ;; This function uses a non-reentrant model
   543 ;;
   544                           
   545     0080                     _setup:	
   546                           ;psect for function _setup
   547                           
   548     0080                     l752:	
   549                           ;incstack = 0
   550                           ; Regs used in _setup: [wreg+status,2+status,0+pclath+cstack]
   551                           
   552                           
   553                           ;Slave1.c: 143:     ANSEL = 0b00000011;
   554     0080  3003               	movlw	3
   555     0081  1683               	bsf	3,5	;RP0=1, select bank3
   556     0082  1703               	bsf	3,6	;RP1=1, select bank3
   557     0083  0088               	movwf	8	;volatile
   558     0084                     l754:
   559                           
   560                           ;Slave1.c: 144:     ANSELH = 0;
   561     0084  0189               	clrf	9	;volatile
   562     0085                     l756:
   563                           
   564                           ;Slave1.c: 146:     TRISB = 0;
   565     0085  1683               	bsf	3,5	;RP0=1, select bank1
   566     0086  1303               	bcf	3,6	;RP1=0, select bank1
   567     0087  0186               	clrf	6	;volatile
   568     0088                     l758:
   569                           
   570                           ;Slave1.c: 147:     TRISD = 0;
   571     0088  0188               	clrf	8	;volatile
   572     0089                     l760:
   573                           
   574                           ;Slave1.c: 149:     PORTB = 0;
   575     0089  1283               	bcf	3,5	;RP0=0, select bank0
   576     008A  1303               	bcf	3,6	;RP1=0, select bank0
   577     008B  0186               	clrf	6	;volatile
   578     008C                     l762:
   579                           
   580                           ;Slave1.c: 150:     PORTD = 0;
   581     008C  0188               	clrf	8	;volatile
   582     008D                     l764:
   583                           
   584                           ;Slave1.c: 152:     OSCCONbits.IRCF = 0b0111;
   585     008D  3070               	movlw	112
   586     008E  1683               	bsf	3,5	;RP0=1, select bank1
   587     008F  1303               	bcf	3,6	;RP1=0, select bank1
   588     0090  048F               	iorwf	15,f	;volatile
   589     0091                     l766:
   590                           
   591                           ;Slave1.c: 153:     OSCCONbits.SCS = 1;
   592     0091  140F               	bsf	15,0	;volatile
   593     0092                     l768:
   594                           
   595                           ;Slave1.c: 154:      INTCONbits.GIE = 1;
   596     0092  178B               	bsf	11,7	;volatile
   597     0093                     l770:
   598                           
   599                           ;Slave1.c: 155:     INTCONbits.PEIE = 1;
   600     0093  170B               	bsf	11,6	;volatile
   601     0094                     l772:
   602                           
   603                           ;Slave1.c: 157:     ADCON1bits.ADFM = 0;
   604     0094  139F               	bcf	31,7	;volatile
   605     0095                     l774:
   606                           
   607                           ;Slave1.c: 158:     ADCON1bits.VCFG0 = 0;
   608     0095  121F               	bcf	31,4	;volatile
   609     0096                     l776:
   610                           
   611                           ;Slave1.c: 159:     ADCON1bits.VCFG1 = 0;
   612     0096  129F               	bcf	31,5	;volatile
   613     0097                     l778:
   614                           
   615                           ;Slave1.c: 161:     ADCON0bits.ADCS = 0b01;
   616     0097  1283               	bcf	3,5	;RP0=0, select bank0
   617     0098  1303               	bcf	3,6	;RP1=0, select bank0
   618     0099  081F               	movf	31,w	;volatile
   619     009A  393F               	andlw	-193
   620     009B  3840               	iorlw	64
   621     009C  009F               	movwf	31	;volatile
   622     009D                     l780:
   623                           
   624                           ;Slave1.c: 162:     ADCON0bits.CHS = 0;
   625     009D  30C3               	movlw	-61
   626     009E  059F               	andwf	31,f	;volatile
   627     009F                     l782:
   628                           
   629                           ;Slave1.c: 163:     ADCON0bits.ADON= 1;
   630     009F  141F               	bsf	31,0	;volatile
   631     00A0                     l784:
   632                           
   633                           ;Slave1.c: 164:     _delay((unsigned long)((50)*(8000000/4000000.0)));
   634     00A0  3021               	movlw	33
   635     00A1  00F4               	movwf	??_setup
   636     00A2                     u157:
   637     00A2  0BF4               	decfsz	??_setup,f
   638     00A3  28A2               	goto	u157
   639     00A4                     l786:
   640                           
   641                           ;Slave1.c: 165:     PIR1bits.ADIF = 0;
   642     00A4  1283               	bcf	3,5	;RP0=0, select bank0
   643     00A5  1303               	bcf	3,6	;RP1=0, select bank0
   644     00A6  130C               	bcf	12,6	;volatile
   645     00A7                     l788:
   646                           
   647                           ;Slave1.c: 166:     PIE1bits.ADIE = 1;
   648     00A7  1683               	bsf	3,5	;RP0=1, select bank1
   649     00A8  1303               	bcf	3,6	;RP1=0, select bank1
   650     00A9  170C               	bsf	12,6	;volatile
   651     00AA                     l790:
   652                           
   653                           ;Slave1.c: 170:     I2C_Slave_Init(0x24);
   654     00AA  3024               	movlw	36
   655     00AB  120A  118A  20B1  120A  118A  	fcall	_I2C_Slave_Init
   656     00B0                     l142:
   657     00B0  0008               	return
   658     00B1                     __end_of_setup:
   659                           
   660                           	psect	text2
   661     00B1                     __ptext2:	
   662 ;; *************** function _I2C_Slave_Init *****************
   663 ;; Defined at:
   664 ;;		line 93 in file "I2C.c"
   665 ;; Parameters:    Size  Location     Type
   666 ;;  address         1    wreg     unsigned char 
   667 ;; Auto vars:     Size  Location     Type
   668 ;;  address         1    3[COMMON] unsigned char 
   669 ;; Return value:  Size  Location     Type
   670 ;;                  1    wreg      void 
   671 ;; Registers used:
   672 ;;		wreg
   673 ;; Tracked objects:
   674 ;;		On entry : 0/0
   675 ;;		On exit  : 0/0
   676 ;;		Unchanged: 0/0
   677 ;; Data sizes:     COMMON   BANK0   BANK1   BANK3   BANK2
   678 ;;      Params:         0       0       0       0       0
   679 ;;      Locals:         1       0       0       0       0
   680 ;;      Temps:          0       0       0       0       0
   681 ;;      Totals:         1       0       0       0       0
   682 ;;Total ram usage:        1 bytes
   683 ;; Hardware stack levels used: 1
   684 ;; Hardware stack levels required when called: 1
   685 ;; This function calls:
   686 ;;		Nothing
   687 ;; This function is called by:
   688 ;;		_setup
   689 ;; This function uses a non-reentrant model
   690 ;;
   691                           
   692     00B1                     _I2C_Slave_Init:	
   693                           ;psect for function _I2C_Slave_Init
   694                           
   695                           
   696                           ;incstack = 0
   697                           ; Regs used in _I2C_Slave_Init: [wreg]
   698                           ;I2C_Slave_Init@address stored from wreg
   699     00B1  00F3               	movwf	I2C_Slave_Init@address
   700     00B2                     l734:
   701                           
   702                           ;I2C.c: 93: void I2C_Slave_Init(uint8_t address);I2C.c: 94: {;I2C.c: 95:     SSPADD = ad
      +                          dress;
   703     00B2  0873               	movf	I2C_Slave_Init@address,w
   704     00B3  1683               	bsf	3,5	;RP0=1, select bank1
   705     00B4  1303               	bcf	3,6	;RP1=0, select bank1
   706     00B5  0093               	movwf	19	;volatile
   707                           
   708                           ;I2C.c: 96:     SSPCON = 0x36;
   709     00B6  3036               	movlw	54
   710     00B7  1283               	bcf	3,5	;RP0=0, select bank0
   711     00B8  1303               	bcf	3,6	;RP1=0, select bank0
   712     00B9  0094               	movwf	20	;volatile
   713                           
   714                           ;I2C.c: 97:     SSPSTAT = 0x80;
   715     00BA  3080               	movlw	128
   716     00BB  1683               	bsf	3,5	;RP0=1, select bank1
   717     00BC  1303               	bcf	3,6	;RP1=0, select bank1
   718     00BD  0094               	movwf	20	;volatile
   719                           
   720                           ;I2C.c: 98:     SSPCON2 = 0x01;
   721     00BE  3001               	movlw	1
   722     00BF  0091               	movwf	17	;volatile
   723     00C0                     l736:
   724                           
   725                           ;I2C.c: 99:     TRISC3 = 1;
   726     00C0  1587               	bsf	7,3	;volatile
   727     00C1                     l738:
   728                           
   729                           ;I2C.c: 100:     TRISC4 = 1;
   730     00C1  1607               	bsf	7,4	;volatile
   731     00C2                     l740:
   732                           
   733                           ;I2C.c: 101:     GIE = 1;
   734     00C2  178B               	bsf	11,7	;volatile
   735     00C3                     l742:
   736                           
   737                           ;I2C.c: 102:     PEIE = 1;
   738     00C3  170B               	bsf	11,6	;volatile
   739     00C4                     l744:
   740                           
   741                           ;I2C.c: 103:     SSPIF = 0;
   742     00C4  1283               	bcf	3,5	;RP0=0, select bank0
   743     00C5  1303               	bcf	3,6	;RP1=0, select bank0
   744     00C6  118C               	bcf	12,3	;volatile
   745     00C7                     l746:
   746                           
   747                           ;I2C.c: 104:     SSPIE = 1;
   748     00C7  1683               	bsf	3,5	;RP0=1, select bank1
   749     00C8  1303               	bcf	3,6	;RP1=0, select bank1
   750     00C9  158C               	bsf	12,3	;volatile
   751     00CA                     l55:
   752     00CA  0008               	return
   753     00CB                     __end_of_I2C_Slave_Init:
   754                           
   755                           	psect	text3
   756     0024                     __ptext3:	
   757 ;; *************** function _isr *****************
   758 ;; Defined at:
   759 ;;		line 53 in file "Slave1.c"
   760 ;; Parameters:    Size  Location     Type
   761 ;;		None
   762 ;; Auto vars:     Size  Location     Type
   763 ;;  state           1    0        unsigned char 
   764 ;; Return value:  Size  Location     Type
   765 ;;                  1    wreg      void 
   766 ;; Registers used:
   767 ;;		wreg
   768 ;; Tracked objects:
   769 ;;		On entry : 0/0
   770 ;;		On exit  : 0/0
   771 ;;		Unchanged: 0/0
   772 ;; Data sizes:     COMMON   BANK0   BANK1   BANK3   BANK2
   773 ;;      Params:         0       0       0       0       0
   774 ;;      Locals:         0       0       0       0       0
   775 ;;      Temps:          3       0       0       0       0
   776 ;;      Totals:         3       0       0       0       0
   777 ;;Total ram usage:        3 bytes
   778 ;; Hardware stack levels used: 1
   779 ;; This function calls:
   780 ;;		Nothing
   781 ;; This function is called by:
   782 ;;		Interrupt level 1
   783 ;; This function uses a non-reentrant model
   784 ;;
   785                           
   786     0024                     _isr:	
   787                           ;psect for function _isr
   788                           
   789     0024                     i1l832:
   790                           
   791                           ;Slave1.c: 54:    if(PIR1bits.SSPIF == 1){
   792     0024  1283               	bcf	3,5	;RP0=0, select bank0
   793     0025  1303               	bcf	3,6	;RP1=0, select bank0
   794     0026  1D8C               	btfss	12,3	;volatile
   795     0027  2829               	goto	u5_21
   796     0028  282A               	goto	u5_20
   797     0029                     u5_21:
   798     0029  2879               	goto	i1l129
   799     002A                     u5_20:
   800     002A                     i1l834:
   801                           
   802                           ;Slave1.c: 56:         SSPCONbits.CKP = 0;
   803     002A  1214               	bcf	20,4	;volatile
   804                           
   805                           ;Slave1.c: 58:         if ((SSPCONbits.SSPOV) || (SSPCONbits.WCOL)){
   806     002B  1B14               	btfsc	20,6	;volatile
   807     002C  282E               	goto	u6_21
   808     002D  282F               	goto	u6_20
   809     002E                     u6_21:
   810     002E  2833               	goto	i1l838
   811     002F                     u6_20:
   812     002F                     i1l836:
   813     002F  1F94               	btfss	20,7	;volatile
   814     0030  2832               	goto	u7_21
   815     0031  2833               	goto	u7_20
   816     0032                     u7_21:
   817     0032  2838               	goto	i1l846
   818     0033                     u7_20:
   819     0033                     i1l838:
   820                           
   821                           ;Slave1.c: 59:             z = SSPBUF;
   822     0033  0813               	movf	19,w	;volatile
   823     0034  00FC               	movwf	_z
   824     0035                     i1l840:
   825                           
   826                           ;Slave1.c: 60:             SSPCONbits.SSPOV = 0;
   827     0035  1314               	bcf	20,6	;volatile
   828     0036                     i1l842:
   829                           
   830                           ;Slave1.c: 61:             SSPCONbits.WCOL = 0;
   831     0036  1394               	bcf	20,7	;volatile
   832     0037                     i1l844:
   833                           
   834                           ;Slave1.c: 62:             SSPCONbits.CKP = 1;
   835     0037  1614               	bsf	20,4	;volatile
   836     0038                     i1l846:
   837                           
   838                           ;Slave1.c: 65:         if(!SSPSTATbits.D_nA && !SSPSTATbits.R_nW) {
   839     0038  1683               	bsf	3,5	;RP0=1, select bank1
   840     0039  1303               	bcf	3,6	;RP1=0, select bank1
   841     003A  1A94               	btfsc	20,5	;volatile
   842     003B  283D               	goto	u8_21
   843     003C  283E               	goto	u8_20
   844     003D                     u8_21:
   845     003D  2857               	goto	i1l120
   846     003E                     u8_20:
   847     003E                     i1l848:
   848     003E  1914               	btfsc	20,2	;volatile
   849     003F  2841               	goto	u9_21
   850     0040  2842               	goto	u9_20
   851     0041                     u9_21:
   852     0041  2857               	goto	i1l120
   853     0042                     u9_20:
   854     0042                     i1l850:
   855                           
   856                           ;Slave1.c: 67:             z = SSPBUF;
   857     0042  1283               	bcf	3,5	;RP0=0, select bank0
   858     0043  1303               	bcf	3,6	;RP1=0, select bank0
   859     0044  0813               	movf	19,w	;volatile
   860     0045  00FC               	movwf	_z
   861     0046                     i1l852:
   862                           
   863                           ;Slave1.c: 69:             PIR1bits.SSPIF = 0;
   864     0046  118C               	bcf	12,3	;volatile
   865     0047                     i1l854:
   866                           
   867                           ;Slave1.c: 70:             SSPCONbits.CKP = 1;
   868     0047  1614               	bsf	20,4	;volatile
   869     0048                     i1l121:	
   870                           ;Slave1.c: 71:             while(!SSPSTATbits.BF);
   871                           
   872     0048  1683               	bsf	3,5	;RP0=1, select bank1
   873     0049  1303               	bcf	3,6	;RP1=0, select bank1
   874     004A  1C14               	btfss	20,0	;volatile
   875     004B  284D               	goto	u10_21
   876     004C  284E               	goto	u10_20
   877     004D                     u10_21:
   878     004D  2848               	goto	i1l121
   879     004E                     u10_20:
   880     004E                     i1l856:
   881     004E  1283               	bcf	3,5	;RP0=0, select bank0
   882     004F  1303               	bcf	3,6	;RP1=0, select bank0
   883     0050  0813               	movf	19,w	;volatile
   884                           
   885                           ;Slave1.c: 74:             _delay((unsigned long)((250)*(8000000/4000000.0)));
   886     0051  30A6               	movlw	166
   887     0052  00F0               	movwf	??_isr
   888     0053                     u16_27:
   889     0053  0BF0               	decfsz	??_isr,f
   890     0054  2853               	goto	u16_27
   891     0055  0000               	nop
   892                           
   893                           ;Slave1.c: 76:         }else if(!SSPSTATbits.D_nA && SSPSTATbits.R_nW){
   894     0056  2876               	goto	i1l124
   895     0057                     i1l120:
   896     0057  1A94               	btfsc	20,5	;volatile
   897     0058  285A               	goto	u11_21
   898     0059  285B               	goto	u11_20
   899     005A                     u11_21:
   900     005A  2876               	goto	i1l124
   901     005B                     u11_20:
   902     005B                     i1l858:
   903     005B  1D14               	btfss	20,2	;volatile
   904     005C  285E               	goto	u12_21
   905     005D  285F               	goto	u12_20
   906     005E                     u12_21:
   907     005E  2876               	goto	i1l124
   908     005F                     u12_20:
   909     005F                     i1l860:
   910                           
   911                           ;Slave1.c: 77:             z = SSPBUF;
   912     005F  1283               	bcf	3,5	;RP0=0, select bank0
   913     0060  1303               	bcf	3,6	;RP1=0, select bank0
   914     0061  0813               	movf	19,w	;volatile
   915     0062  00FC               	movwf	_z
   916     0063                     i1l862:
   917                           
   918                           ;Slave1.c: 78:             BF = 0;
   919     0063  1683               	bsf	3,5	;RP0=1, select bank1
   920     0064  1303               	bcf	3,6	;RP1=0, select bank1
   921     0065  1014               	bcf	20,0	;volatile
   922                           
   923                           ;Slave1.c: 79:             SSPBUF = PORTB;
   924     0066  1283               	bcf	3,5	;RP0=0, select bank0
   925     0067  1303               	bcf	3,6	;RP1=0, select bank0
   926     0068  0806               	movf	6,w	;volatile
   927     0069  0093               	movwf	19	;volatile
   928     006A                     i1l864:
   929                           
   930                           ;Slave1.c: 80:             SSPCONbits.CKP = 1;
   931     006A  1614               	bsf	20,4	;volatile
   932                           
   933                           ;Slave1.c: 81:             _delay((unsigned long)((250)*(8000000/4000000.0)));
   934     006B  30A6               	movlw	166
   935     006C  00F0               	movwf	??_isr
   936     006D                     u17_27:
   937     006D  0BF0               	decfsz	??_isr,f
   938     006E  286D               	goto	u17_27
   939     006F  0000               	nop
   940     0070                     i1l126:	
   941                           ;Slave1.c: 82:             while(SSPSTATbits.BF);
   942                           
   943     0070  1683               	bsf	3,5	;RP0=1, select bank1
   944     0071  1303               	bcf	3,6	;RP1=0, select bank1
   945     0072  1814               	btfsc	20,0	;volatile
   946     0073  2875               	goto	u13_21
   947     0074  2876               	goto	u13_20
   948     0075                     u13_21:
   949     0075  2870               	goto	i1l126
   950     0076                     u13_20:
   951     0076                     i1l124:
   952                           
   953                           ;Slave1.c: 85:         PIR1bits.SSPIF = 0;
   954     0076  1283               	bcf	3,5	;RP0=0, select bank0
   955     0077  1303               	bcf	3,6	;RP1=0, select bank0
   956     0078  118C               	bcf	12,3	;volatile
   957     0079                     i1l129:
   958     0079  0872               	movf	??_isr+2,w
   959     007A  008A               	movwf	10
   960     007B  0E71               	swapf	??_isr+1,w
   961     007C  0083               	movwf	3
   962     007D  0EFE               	swapf	btemp,f
   963     007E  0E7E               	swapf	btemp,w
   964     007F  0009               	retfie
   965     0080                     __end_of_isr:
   966     007E                     btemp	set	126	;btemp
   967     007E                     wtemp0	set	126
   968                           
   969                           	psect	intentry
   970     0004                     __pintentry:	
   971                           ;incstack = 0
   972                           ; Regs used in _isr: [wreg]
   973                           
   974     0004                     interrupt_function:
   975     007E                     saved_w	set	btemp
   976     0004  00FE               	movwf	btemp
   977     0005  0E03               	swapf	3,w
   978     0006  00F1               	movwf	??_isr+1
   979     0007  080A               	movf	10,w
   980     0008  00F2               	movwf	??_isr+2
   981     0009  120A  118A  2824   	ljmp	_isr
   982                           
   983                           	psect	config
   984                           
   985                           ;Config register CONFIG1 @ 0x2007
   986                           ;	Oscillator Selection bits
   987                           ;	FOSC = EXTRC_NOCLKOUT, RCIO oscillator: I/O function on RA6/OSC2/CLKOUT pin, RC on RA7
      +                          /OSC1/CLKIN
   988                           ;	Watchdog Timer Enable bit
   989                           ;	WDTE = OFF, WDT disabled and can be enabled by SWDTEN bit of the WDTCON register
   990                           ;	Power-up Timer Enable bit
   991                           ;	PWRTE = OFF, PWRT disabled
   992                           ;	RE3/MCLR pin function select bit
   993                           ;	MCLRE = OFF, RE3/MCLR pin function is digital input, MCLR internally tied to VDD
   994                           ;	Code Protection bit
   995                           ;	CP = OFF, Program memory code protection is disabled
   996                           ;	Data Code Protection bit
   997                           ;	CPD = OFF, Data memory code protection is disabled
   998                           ;	Brown Out Reset Selection bits
   999                           ;	BOREN = OFF, BOR disabled
  1000                           ;	Internal External Switchover bit
  1001                           ;	IESO = OFF, Internal/External Switchover mode is disabled
  1002                           ;	Fail-Safe Clock Monitor Enabled bit
  1003                           ;	FCMEN = OFF, Fail-Safe Clock Monitor is disabled
  1004                           ;	Low Voltage Programming Enable bit
  1005                           ;	LVP = OFF, RB3 pin has digital I/O, HV on MCLR must be used for programming
  1006                           ;	In-Circuit Debugger Mode bit
  1007                           ;	DEBUG = 0x1, unprogrammed default
  1008     2007                     	org	8199
  1009     2007  20D6               	dw	8406
  1010                           
  1011                           ;Config register CONFIG2 @ 0x2008
  1012                           ;	Brown-out Reset Selection bit
  1013                           ;	BOR4V = BOR40V, Brown-out Reset set to 4.0V
  1014                           ;	Flash Program Memory Self Write Enable bits
  1015                           ;	WRT = OFF, Write protection off
  1016     2008                     	org	8200
  1017     2008  3FFF               	dw	16383

Data Sizes:
    Strings     19
    Constant    0
    Data        0
    BSS         15
    Persistent  0
    Stack       0

Auto Spaces:
    Space          Size  Autos    Used
    COMMON           14      8      13
    BANK0            80      0      10
    BANK1            80      0       0
    BANK3            96      0       0
    BANK2            96      0       0

Pointer List with Targets:

    None.

Critical Paths under _main in COMMON

    _main->_setup
    _setup->_I2C_Slave_Init

Critical Paths under _isr in COMMON

    None.

Critical Paths under _main in BANK0

    None.

Critical Paths under _isr in BANK0

    None.

Critical Paths under _main in BANK1

    None.

Critical Paths under _isr in BANK1

    None.

Critical Paths under _main in BANK3

    None.

Critical Paths under _isr in BANK3

    None.

Critical Paths under _main in BANK2

    None.

Critical Paths under _isr in BANK2

    None.

Call Graph Tables:

 ---------------------------------------------------------------------------------
 (Depth) Function   	        Calls       Base Space   Used Autos Params    Refs
 ---------------------------------------------------------------------------------
 (0) _main                                                 3     3      0      15
                                              5 COMMON     3     3      0
                              _setup
 ---------------------------------------------------------------------------------
 (1) _setup                                                1     1      0      15
                                              4 COMMON     1     1      0
                     _I2C_Slave_Init
 ---------------------------------------------------------------------------------
 (2) _I2C_Slave_Init                                       1     1      0      15
                                              3 COMMON     1     1      0
 ---------------------------------------------------------------------------------
 Estimated maximum stack depth 2
 ---------------------------------------------------------------------------------
 (Depth) Function   	        Calls       Base Space   Used Autos Params    Refs
 ---------------------------------------------------------------------------------
 (3) _isr                                                  4     4      0       0
                                              0 COMMON     3     3      0
 ---------------------------------------------------------------------------------
 Estimated maximum stack depth 3
 ---------------------------------------------------------------------------------

 Call Graph Graphs:

 _main (ROOT)
   _setup
     _I2C_Slave_Init

 _isr (ROOT)

 Address spaces:
Name               Size   Autos  Total    Cost      Usage
BITCOMMON            E      0       0       0        0.0%
EEDATA             100      0       0       0        0.0%
NULL                 0      0       0       0        0.0%
CODE                 0      0       0       0        0.0%
COMMON               E      8       D       1       92.9%
BITSFR0              0      0       0       1        0.0%
SFR0                 0      0       0       1        0.0%
BITSFR1              0      0       0       2        0.0%
SFR1                 0      0       0       2        0.0%
STACK                0      0       0       2        0.0%
ABS                  0      0      17       3        0.0%
BITBANK0            50      0       0       4        0.0%
BITSFR3              0      0       0       4        0.0%
SFR3                 0      0       0       4        0.0%
BANK0               50      0       A       5       12.5%
BITSFR2              0      0       0       5        0.0%
SFR2                 0      0       0       5        0.0%
BITBANK1            50      0       0       6        0.0%
BANK1               50      0       0       7        0.0%
BITBANK3            60      0       0       8        0.0%
BANK3               60      0       0       9        0.0%
BITBANK2            60      0       0      10        0.0%
BANK2               60      0       0      11        0.0%
DATA                 0      0      17      12        0.0%


Microchip Technology PIC Macro Assembler V2.41 build 20230208172133 
Symbol Table                                                                                   Thu Aug 17 17:30:04 2023

                      _i 0078                        _z 007C                        pc 0002  
            _SSPSTATbits 0094                       _BF 04A0                       l55 00CA  
                     fsr 0004                      l142 00B0                      l740 00C2  
                    l742 00C3                      l734 00B2                      l744 00C4  
                    l736 00C0                      l760 0089                      l752 0080  
                    l746 00C7                      l738 00C1                      l770 0093  
                    l762 008C                      l754 0084                      l780 009D  
                    l772 0094                      l764 008D                      l756 0085  
                    l790 00AA                      l782 009F                      l774 0095  
                    l766 0091                      l758 0088                      l784 00A0  
                    l776 0096                      l768 0092                      l786 00A4  
                    l778 0097                      l874 00EC                      l866 00E4  
                    l788 00A7                      l868 00E9                      _GIE 005F  
                    u147 00F2                      u157 00A2                      _isr 0024  
                    _val 0024                     ?_isr 0070                     STR_1 00DB  
                   STR_2 00D1                     _PEIE 005E                     u5_20 002A  
                   u5_21 0029                     u6_20 002F                     u6_21 002E  
                   u7_20 0033                     u7_21 0032                     u8_20 003E  
                   u8_21 003D                     u9_20 0042                     u9_21 0041  
                   _dato 007B                     _main 00E4                     btemp 007E  
                   start 000C                    ??_isr 0070                    ?_main 0070  
                  _ANSEL 0188                    i1l120 0057                    i1l121 0048  
                  i1l124 0076                    i1l126 0070                    i1l129 0079  
                  i1l840 0035                    i1l832 0024                    i1l850 0042  
                  i1l842 0036                    i1l834 002A                    i1l860 005F  
                  i1l852 0046                    i1l844 0037                    i1l836 002F  
                  i1l862 0063                    i1l854 0047                    i1l846 0038  
                  i1l838 0033                    i1l864 006A                    i1l856 004E  
                  i1l848 003E                    i1l858 005B                    u10_20 004E  
                  u10_21 004D                    u11_20 005B                    u11_21 005A  
                  u12_20 005F                    u12_21 005E                    u13_20 0076  
                  u13_21 0075                    u16_27 0053                    u17_27 006D  
                  _PORTB 0006                    _PORTD 0008                    _TRISB 0086  
                  _TRISD 0088                    _SSPIE 0463                    _SSPIF 0063  
                  _setup 0080                    _state 007A                    pclath 000A  
                  status 0003                    wtemp0 007E          __initialization 000F  
           __end_of_main 00FD                   ??_main 0075                   ?_setup 0070  
                 _ANSELH 0189                   _SSPADD 0093                   _TRISC3 043B  
                 _TRISC4 043C                   _SSPCON 0014                   _SSPBUF 0013  
                 saved_w 007E  __end_of__initialization 0020           __pcstackCOMMON 0070  
          __end_of_setup 00B1                  ??_setup 0074    I2C_Slave_Init@address 0073  
             __pbssBANK0 0020               __pmaintext 00E4               __pintentry 0004  
                _SSPCON2 0091                  _SSPSTAT 0094               __stringtab 00CB  
                __ptext1 0080                  __ptext2 00B1                  __ptext3 0024  
                _valpot0 0028                  _valpot1 0026                  _varvolt 0020  
   end_of_initialization 0020           _I2C_Slave_Init 00B1                _PORTDbits 0008  
              _TRISCbits 0087   __end_of_I2C_Slave_Init 00CB      start_initialization 000F  
            __end_of_isr 0080          ?_I2C_Slave_Init 0070              __pbssCOMMON 0078  
              ___latbits 0002                __pstrings 00CB        interrupt_function 0004  
               _PIE1bits 008C                 _PIR1bits 000C               _ADCON0bits 001F  
            __stringbase 00D0               _ADCON1bits 009F       __end_of__stringtab 00D1  
       ??_I2C_Slave_Init 0073               _INTCONbits 000B                 intlevel1 0000  
              stringcode 00CB               _OSCCONbits 008F                 stringdir 00CB  
               stringtab 00CB              _SSPCON2bits 0091               _SSPCONbits 0014  
