

Microchip MPLAB XC8 Assembler V2.41 build 20230208172133 
                                                                                               Mon Aug 21 16:27:43 2023

Microchip MPLAB XC8 C Compiler v2.41 (Free license) build 20230208172133 Og1 
     1                           	processor	16F887
     2                           	pagewidth 120
     3                           	opt	flic
     4                           	psect	strings,global,class=STRING,delta=2,noexec
     5                           	psect	cinit,global,class=CODE,merge=1,delta=2
     6                           	psect	cstackCOMMON,global,class=COMMON,space=1,delta=1,noexec
     7                           	psect	cstackBANK0,global,class=BANK0,space=1,delta=1,noexec
     8                           	psect	maintext,global,class=CODE,split=1,delta=2
     9                           	psect	text1,local,class=CODE,merge=1,delta=2
    10                           	psect	text2,local,class=CODE,merge=1,delta=2
    11                           	psect	text3,local,class=CODE,merge=1,delta=2,group=1
    12                           	psect	text4,local,class=CODE,merge=1,delta=2
    13                           	psect	text5,local,class=CODE,merge=1,delta=2
    14                           	psect	text6,local,class=CODE,merge=1,delta=2
    15                           	psect	text7,local,class=CODE,merge=1,delta=2
    16                           	psect	text8,local,class=CODE,merge=1,delta=2
    17                           	psect	idloc,global,abs,ovrld,class=IDLOC,space=5,delta=2,noexec
    18                           	psect	config,global,abs,ovrld,class=CONFIG,space=4,delta=2,noexec
    19                           	dabs	1,0x7E,2
    20     0000                     
    21                           ; Generated 09/02/2023 GMT
    22                           ; 
    23                           ; Copyright © 2023, Microchip Technology Inc. and its subsidiaries ("Microchip")
    24                           ; All rights reserved.
    25                           ; 
    26                           ; This software is developed by Microchip Technology Inc. and its subsidiaries ("Microch
      +                          ip").
    27                           ; 
    28                           ; Redistribution and use in source and binary forms, with or without modification, are
    29                           ; permitted provided that the following conditions are met:
    30                           ; 
    31                           ;     1. Redistributions of source code must retain the above copyright notice, this lis
      +                          t of
    32                           ;        conditions and the following disclaimer.
    33                           ; 
    34                           ;     2. Redistributions in binary form must reproduce the above copyright notice, this 
      +                          list
    35                           ;        of conditions and the following disclaimer in the documentation and/or other
    36                           ;        materials provided with the distribution. Publication is not required when
    37                           ;        this file is used in an embedded application.
    38                           ; 
    39                           ;     3. Microchip's name may not be used to endorse or promote products derived from th
      +                          is
    40                           ;        software without specific prior written permission.
    41                           ; 
    42                           ; THIS SOFTWARE IS PROVIDED BY MICROCHIP "AS IS" AND ANY EXPRESS OR IMPLIED WARRANTIES,
    43                           ; INCLUDING, BUT NOT LIMITED TO, THE IMPLIED WARRANTIES OF MERCHANTABILITY AND FITNESS F
      +                          OR
    44                           ; PURPOSE ARE DISCLAIMED.  IN NO EVENT SHALL MICROCHIP BE LIABLE FOR ANY DIRECT, INDIREC
      +                          T,
    45                           ; INCIDENTAL, SPECIAL, EXEMPLARY, OR CONSEQUENTIAL DAMAGES (INCLUDING BUT NOT LIMITED TO
    46                           ; PROCUREMENT OF SUBSTITUTE GOODS OR SERVICES; LOSS OF USE, DATA OR PROFITS; OR BUSINESS
    47                           ; INTERRUPTION) HOWSOEVER CAUSED AND ON ANY THEORY OF LIABILITY, WHETHER IN CONTRACT, ST
      +                          RICT
    48                           ; LIABILITY, OR TORT (INCLUDING NEGLIGENCE OR OTHERWISE) ARISING IN ANY WAY OUT OF THE U
      +                          SE OF
    49                           ; THIS SOFTWARE, EVEN IF ADVISED OF THE POSSIBILITY OF SUCH DAMAGE.
    50                           ; 
    51                           ; 
    52                           ; Code-generator required, PIC16F887 Definitions
    53                           ; 
    54                           ; SFR Addresses
    55     0000                     	;# 
    56     0001                     	;# 
    57     0002                     	;# 
    58     0003                     	;# 
    59     0004                     	;# 
    60     0005                     	;# 
    61     0006                     	;# 
    62     0007                     	;# 
    63     0008                     	;# 
    64     0009                     	;# 
    65     000A                     	;# 
    66     000B                     	;# 
    67     000C                     	;# 
    68     000D                     	;# 
    69     000E                     	;# 
    70     000E                     	;# 
    71     000F                     	;# 
    72     0010                     	;# 
    73     0011                     	;# 
    74     0012                     	;# 
    75     0013                     	;# 
    76     0014                     	;# 
    77     0015                     	;# 
    78     0015                     	;# 
    79     0016                     	;# 
    80     0017                     	;# 
    81     0018                     	;# 
    82     0019                     	;# 
    83     001A                     	;# 
    84     001B                     	;# 
    85     001B                     	;# 
    86     001C                     	;# 
    87     001D                     	;# 
    88     001E                     	;# 
    89     001F                     	;# 
    90     0081                     	;# 
    91     0085                     	;# 
    92     0086                     	;# 
    93     0087                     	;# 
    94     0088                     	;# 
    95     0089                     	;# 
    96     008C                     	;# 
    97     008D                     	;# 
    98     008E                     	;# 
    99     008F                     	;# 
   100     0090                     	;# 
   101     0091                     	;# 
   102     0092                     	;# 
   103     0093                     	;# 
   104     0093                     	;# 
   105     0093                     	;# 
   106     0094                     	;# 
   107     0095                     	;# 
   108     0096                     	;# 
   109     0097                     	;# 
   110     0098                     	;# 
   111     0099                     	;# 
   112     009A                     	;# 
   113     009B                     	;# 
   114     009C                     	;# 
   115     009D                     	;# 
   116     009E                     	;# 
   117     009F                     	;# 
   118     0105                     	;# 
   119     0107                     	;# 
   120     0108                     	;# 
   121     0109                     	;# 
   122     010C                     	;# 
   123     010C                     	;# 
   124     010D                     	;# 
   125     010E                     	;# 
   126     010F                     	;# 
   127     0185                     	;# 
   128     0187                     	;# 
   129     0188                     	;# 
   130     0189                     	;# 
   131     018C                     	;# 
   132     018D                     	;# 
   133     0000                     	;# 
   134     0001                     	;# 
   135     0002                     	;# 
   136     0003                     	;# 
   137     0004                     	;# 
   138     0005                     	;# 
   139     0006                     	;# 
   140     0007                     	;# 
   141     0008                     	;# 
   142     0009                     	;# 
   143     000A                     	;# 
   144     000B                     	;# 
   145     000C                     	;# 
   146     000D                     	;# 
   147     000E                     	;# 
   148     000E                     	;# 
   149     000F                     	;# 
   150     0010                     	;# 
   151     0011                     	;# 
   152     0012                     	;# 
   153     0013                     	;# 
   154     0014                     	;# 
   155     0015                     	;# 
   156     0015                     	;# 
   157     0016                     	;# 
   158     0017                     	;# 
   159     0018                     	;# 
   160     0019                     	;# 
   161     001A                     	;# 
   162     001B                     	;# 
   163     001B                     	;# 
   164     001C                     	;# 
   165     001D                     	;# 
   166     001E                     	;# 
   167     001F                     	;# 
   168     0081                     	;# 
   169     0085                     	;# 
   170     0086                     	;# 
   171     0087                     	;# 
   172     0088                     	;# 
   173     0089                     	;# 
   174     008C                     	;# 
   175     008D                     	;# 
   176     008E                     	;# 
   177     008F                     	;# 
   178     0090                     	;# 
   179     0091                     	;# 
   180     0092                     	;# 
   181     0093                     	;# 
   182     0093                     	;# 
   183     0093                     	;# 
   184     0094                     	;# 
   185     0095                     	;# 
   186     0096                     	;# 
   187     0097                     	;# 
   188     0098                     	;# 
   189     0099                     	;# 
   190     009A                     	;# 
   191     009B                     	;# 
   192     009C                     	;# 
   193     009D                     	;# 
   194     009E                     	;# 
   195     009F                     	;# 
   196     0105                     	;# 
   197     0107                     	;# 
   198     0108                     	;# 
   199     0109                     	;# 
   200     010C                     	;# 
   201     010C                     	;# 
   202     010D                     	;# 
   203     010E                     	;# 
   204     010F                     	;# 
   205     0185                     	;# 
   206     0187                     	;# 
   207     0188                     	;# 
   208     0189                     	;# 
   209     018C                     	;# 
   210     018D                     	;# 
   211     0000                     	;# 
   212     0001                     	;# 
   213     0002                     	;# 
   214     0003                     	;# 
   215     0004                     	;# 
   216     0005                     	;# 
   217     0006                     	;# 
   218     0007                     	;# 
   219     0008                     	;# 
   220     0009                     	;# 
   221     000A                     	;# 
   222     000B                     	;# 
   223     000C                     	;# 
   224     000D                     	;# 
   225     000E                     	;# 
   226     000E                     	;# 
   227     000F                     	;# 
   228     0010                     	;# 
   229     0011                     	;# 
   230     0012                     	;# 
   231     0013                     	;# 
   232     0014                     	;# 
   233     0015                     	;# 
   234     0015                     	;# 
   235     0016                     	;# 
   236     0017                     	;# 
   237     0018                     	;# 
   238     0019                     	;# 
   239     001A                     	;# 
   240     001B                     	;# 
   241     001B                     	;# 
   242     001C                     	;# 
   243     001D                     	;# 
   244     001E                     	;# 
   245     001F                     	;# 
   246     0081                     	;# 
   247     0085                     	;# 
   248     0086                     	;# 
   249     0087                     	;# 
   250     0088                     	;# 
   251     0089                     	;# 
   252     008C                     	;# 
   253     008D                     	;# 
   254     008E                     	;# 
   255     008F                     	;# 
   256     0090                     	;# 
   257     0091                     	;# 
   258     0092                     	;# 
   259     0093                     	;# 
   260     0093                     	;# 
   261     0093                     	;# 
   262     0094                     	;# 
   263     0095                     	;# 
   264     0096                     	;# 
   265     0097                     	;# 
   266     0098                     	;# 
   267     0099                     	;# 
   268     009A                     	;# 
   269     009B                     	;# 
   270     009C                     	;# 
   271     009D                     	;# 
   272     009E                     	;# 
   273     009F                     	;# 
   274     0105                     	;# 
   275     0107                     	;# 
   276     0108                     	;# 
   277     0109                     	;# 
   278     010C                     	;# 
   279     010C                     	;# 
   280     010D                     	;# 
   281     010E                     	;# 
   282     010F                     	;# 
   283     0185                     	;# 
   284     0187                     	;# 
   285     0188                     	;# 
   286     0189                     	;# 
   287     018C                     	;# 
   288     018D                     	;# 
   289     0000                     	;# 
   290     0001                     	;# 
   291     0002                     	;# 
   292     0003                     	;# 
   293     0004                     	;# 
   294     0005                     	;# 
   295     0006                     	;# 
   296     0007                     	;# 
   297     0008                     	;# 
   298     0009                     	;# 
   299     000A                     	;# 
   300     000B                     	;# 
   301     000C                     	;# 
   302     000D                     	;# 
   303     000E                     	;# 
   304     000E                     	;# 
   305     000F                     	;# 
   306     0010                     	;# 
   307     0011                     	;# 
   308     0012                     	;# 
   309     0013                     	;# 
   310     0014                     	;# 
   311     0015                     	;# 
   312     0015                     	;# 
   313     0016                     	;# 
   314     0017                     	;# 
   315     0018                     	;# 
   316     0019                     	;# 
   317     001A                     	;# 
   318     001B                     	;# 
   319     001B                     	;# 
   320     001C                     	;# 
   321     001D                     	;# 
   322     001E                     	;# 
   323     001F                     	;# 
   324     0081                     	;# 
   325     0085                     	;# 
   326     0086                     	;# 
   327     0087                     	;# 
   328     0088                     	;# 
   329     0089                     	;# 
   330     008C                     	;# 
   331     008D                     	;# 
   332     008E                     	;# 
   333     008F                     	;# 
   334     0090                     	;# 
   335     0091                     	;# 
   336     0092                     	;# 
   337     0093                     	;# 
   338     0093                     	;# 
   339     0093                     	;# 
   340     0094                     	;# 
   341     0095                     	;# 
   342     0096                     	;# 
   343     0097                     	;# 
   344     0098                     	;# 
   345     0099                     	;# 
   346     009A                     	;# 
   347     009B                     	;# 
   348     009C                     	;# 
   349     009D                     	;# 
   350     009E                     	;# 
   351     009F                     	;# 
   352     0105                     	;# 
   353     0107                     	;# 
   354     0108                     	;# 
   355     0109                     	;# 
   356     010C                     	;# 
   357     010C                     	;# 
   358     010D                     	;# 
   359     010E                     	;# 
   360     010F                     	;# 
   361     0185                     	;# 
   362     0187                     	;# 
   363     0188                     	;# 
   364     0189                     	;# 
   365     018C                     	;# 
   366     018D                     	;# 
   367     0000                     	;# 
   368     0001                     	;# 
   369     0002                     	;# 
   370     0003                     	;# 
   371     0004                     	;# 
   372     0005                     	;# 
   373     0006                     	;# 
   374     0007                     	;# 
   375     0008                     	;# 
   376     0009                     	;# 
   377     000A                     	;# 
   378     000B                     	;# 
   379     000C                     	;# 
   380     000D                     	;# 
   381     000E                     	;# 
   382     000E                     	;# 
   383     000F                     	;# 
   384     0010                     	;# 
   385     0011                     	;# 
   386     0012                     	;# 
   387     0013                     	;# 
   388     0014                     	;# 
   389     0015                     	;# 
   390     0015                     	;# 
   391     0016                     	;# 
   392     0017                     	;# 
   393     0018                     	;# 
   394     0019                     	;# 
   395     001A                     	;# 
   396     001B                     	;# 
   397     001B                     	;# 
   398     001C                     	;# 
   399     001D                     	;# 
   400     001E                     	;# 
   401     001F                     	;# 
   402     0081                     	;# 
   403     0085                     	;# 
   404     0086                     	;# 
   405     0087                     	;# 
   406     0088                     	;# 
   407     0089                     	;# 
   408     008C                     	;# 
   409     008D                     	;# 
   410     008E                     	;# 
   411     008F                     	;# 
   412     0090                     	;# 
   413     0091                     	;# 
   414     0092                     	;# 
   415     0093                     	;# 
   416     0093                     	;# 
   417     0093                     	;# 
   418     0094                     	;# 
   419     0095                     	;# 
   420     0096                     	;# 
   421     0097                     	;# 
   422     0098                     	;# 
   423     0099                     	;# 
   424     009A                     	;# 
   425     009B                     	;# 
   426     009C                     	;# 
   427     009D                     	;# 
   428     009E                     	;# 
   429     009F                     	;# 
   430     0105                     	;# 
   431     0107                     	;# 
   432     0108                     	;# 
   433     0109                     	;# 
   434     010C                     	;# 
   435     010C                     	;# 
   436     010D                     	;# 
   437     010E                     	;# 
   438     010F                     	;# 
   439     0185                     	;# 
   440     0187                     	;# 
   441     0188                     	;# 
   442     0189                     	;# 
   443     018C                     	;# 
   444     018D                     	;# 
   445                           
   446                           	psect	strings
   447     0003                     __pstrings:
   448     0003                     stringtab:
   449     0003                     __stringtab:
   450     0003                     stringcode:	
   451                           ;	String table - string pointers are 1 byte each
   452                           
   453     0003                     stringdir:
   454     0003  3000               	movlw	high stringdir
   455     0004  008A               	movwf	10
   456     0005  0804               	movf	4,w
   457     0006  0A84               	incf	4,f
   458     0007  0782               	addwf	2,f
   459     0008                     __stringbase:
   460     0008  3400               	retlw	0
   461     0009                     __end_of__stringtab:
   462     0009                     _message:
   463     0009  3432               	retlw	50
   464     000A  342E               	retlw	46
   465     000B  3445               	retlw	69
   466     000C  346E               	retlw	110
   467     000D  3476               	retlw	118
   468     000E  3469               	retlw	105
   469     000F  3461               	retlw	97
   470     0010  3472               	retlw	114
   471     0011  3420               	retlw	32
   472     0012  3441               	retlw	65
   473     0013  3473               	retlw	115
   474     0014  3463               	retlw	99
   475     0015  3469               	retlw	105
   476     0016  3469               	retlw	105
   477     0017  3400               	retlw	0
   478     0018                     __end_of_message:
   479     0008                     _PORTD	set	8
   480     0006                     _PORTB	set	6
   481     0019                     _TXREG	set	25
   482     001A                     _RCREG	set	26
   483     0018                     _RCSTA	set	24
   484     0008                     _PORTDbits	set	8
   485     0013                     _SSPBUF	set	19
   486     0014                     _SSPCON	set	20
   487     00C4                     _CREN	set	196
   488     00C1                     _OERR	set	193
   489     0065                     _RCIF	set	101
   490     0043                     _RD3	set	67
   491     0047                     _RD7	set	71
   492     0046                     _RD6	set	70
   493     0045                     _RD5	set	69
   494     0044                     _RD4	set	68
   495     0063                     _SSPIF	set	99
   496     005E                     _PEIE	set	94
   497     005F                     _GIE	set	95
   498     0088                     _TRISD	set	136
   499     0086                     _TRISB	set	134
   500     0098                     _TXSTA	set	152
   501     0099                     _SPBRG	set	153
   502     0091                     _SSPCON2bits	set	145
   503     0087                     _TRISCbits	set	135
   504     0094                     _SSPSTAT	set	148
   505     0093                     _SSPADD	set	147
   506     0091                     _SSPCON2	set	145
   507     04C1                     _TRMT	set	1217
   508     0463                     _SSPIE	set	1123
   509     043C                     _TRISC4	set	1084
   510     043B                     _TRISC3	set	1083
   511     0189                     _ANSELH	set	393
   512     0188                     _ANSEL	set	392
   513                           
   514                           	psect	cinit
   515     07FC                     start_initialization:	
   516                           ; #config settings
   517                           
   518     07FC                     __initialization:
   519     07FC                     end_of_initialization:	
   520                           ;End of C runtime variable initialization code
   521                           
   522     07FC                     __end_of__initialization:
   523     07FC  0183               	clrf	3
   524     07FD  120A  118A  2F8F   	ljmp	_main	;jump to C main() function
   525                           
   526                           	psect	cstackCOMMON
   527     0070                     __pcstackCOMMON:
   528     0070                     ?_setup:
   529     0070                     ?_I2C_Master_Wait:	
   530                           ; 1 bytes @ 0x0
   531                           
   532     0070                     ??_I2C_Master_Wait:	
   533                           ; 1 bytes @ 0x0
   534                           
   535     0070                     ?_I2C_Master_Start:	
   536                           ; 1 bytes @ 0x0
   537                           
   538     0070                     ??_I2C_Master_Start:	
   539                           ; 1 bytes @ 0x0
   540                           
   541     0070                     ?_I2C_Master_Stop:	
   542                           ; 1 bytes @ 0x0
   543                           
   544     0070                     ??_I2C_Master_Stop:	
   545                           ; 1 bytes @ 0x0
   546                           
   547     0070                     ?_I2C_Master_Write:	
   548                           ; 1 bytes @ 0x0
   549                           
   550     0070                     ?_main:	
   551                           ; 1 bytes @ 0x0
   552                           
   553     0070                     ?_I2C_Master_Read:	
   554                           ; 1 bytes @ 0x0
   555                           
   556     0070                     ?___lldiv:	
   557                           ; 2 bytes @ 0x0
   558                           
   559     0070                     I2C_Master_Write@d:	
   560                           ; 4 bytes @ 0x0
   561                           
   562     0070                     I2C_Master_Read@a:	
   563                           ; 2 bytes @ 0x0
   564                           
   565     0070                     ___lldiv@divisor:	
   566                           ; 2 bytes @ 0x0
   567                           
   568                           
   569                           ; 4 bytes @ 0x0
   570     0070                     	ds	2
   571     0072                     ??_I2C_Master_Write:
   572     0072                     ??_I2C_Master_Read:	
   573                           ; 1 bytes @ 0x2
   574                           
   575                           
   576                           ; 1 bytes @ 0x2
   577     0072                     	ds	2
   578     0074                     I2C_Master_Read@temp:
   579     0074                     ___lldiv@dividend:	
   580                           ; 2 bytes @ 0x4
   581                           
   582                           
   583                           ; 4 bytes @ 0x4
   584     0074                     	ds	4
   585     0078                     ??___lldiv:
   586                           
   587                           ; 1 bytes @ 0x8
   588     0078                     	ds	1
   589     0079                     ___lldiv@quotient:
   590                           
   591                           ; 4 bytes @ 0x9
   592     0079                     	ds	4
   593     007D                     ___lldiv@counter:
   594                           
   595                           ; 1 bytes @ 0xD
   596     007D                     	ds	1
   597     007E                     ??_setup:
   598                           
   599                           	psect	cstackBANK0
   600     0020                     __pcstackBANK0:	
   601                           ; 1 bytes @ 0xE
   602                           
   603     0020                     ?_I2C_Master_Init:
   604     0020                     I2C_Master_Init@c:	
   605                           ; 1 bytes @ 0x0
   606                           
   607                           
   608                           ; 4 bytes @ 0x0
   609     0020                     	ds	4
   610     0024                     ??_I2C_Master_Init:
   611                           
   612                           ; 1 bytes @ 0x4
   613     0024                     	ds	4
   614     0028                     ??_main:
   615                           
   616                           ; 1 bytes @ 0x8
   617     0028                     	ds	3
   618                           
   619                           	psect	maintext
   620     078F                     __pmaintext:	
   621 ;;
   622 ;;Main: autosize = 0, tempsize = 3, incstack = 0, save=0
   623 ;;
   624 ;; *************** function _main *****************
   625 ;; Defined at:
   626 ;;		line 48 in file "pruebaI2C.c"
   627 ;; Parameters:    Size  Location     Type
   628 ;;		None
   629 ;; Auto vars:     Size  Location     Type
   630 ;;		None
   631 ;; Return value:  Size  Location     Type
   632 ;;                  1    wreg      void 
   633 ;; Registers used:
   634 ;;		wreg, status,2, status,0, btemp+1, pclath, cstack
   635 ;; Tracked objects:
   636 ;;		On entry : B00/0
   637 ;;		On exit  : 0/0
   638 ;;		Unchanged: 0/0
   639 ;; Data sizes:     COMMON   BANK0   BANK1   BANK3   BANK2
   640 ;;      Params:         0       0       0       0       0
   641 ;;      Locals:         0       0       0       0       0
   642 ;;      Temps:          0       3       0       0       0
   643 ;;      Totals:         0       3       0       0       0
   644 ;;Total ram usage:        3 bytes
   645 ;; Hardware stack levels required when called: 3
   646 ;; This function calls:
   647 ;;		_I2C_Master_Read
   648 ;;		_I2C_Master_Start
   649 ;;		_I2C_Master_Stop
   650 ;;		_I2C_Master_Write
   651 ;;		_setup
   652 ;; This function is called by:
   653 ;;		Startup code after reset
   654 ;; This function uses a non-reentrant model
   655 ;;
   656                           
   657     078F                     _main:	
   658                           ;psect for function _main
   659                           
   660     078F                     l1110:	
   661                           ;incstack = 0
   662                           ; Regs used in _main: [wreg+status,2+status,0+btemp+1+pclath+cstack]
   663                           
   664                           
   665                           ;pruebaI2C.c: 49:     setup();
   666     078F  120A  118A  26A9  120A  118A  	fcall	_setup
   667     0794                     l1112:
   668                           
   669                           ;pruebaI2C.c: 51:         I2C_Master_Start();
   670     0794  120A  118A  2680  120A  118A  	fcall	_I2C_Master_Start
   671     0799                     l1114:
   672                           
   673                           ;pruebaI2C.c: 52:         I2C_Master_Write(0x50);
   674     0799  3050               	movlw	80
   675     079A  00F0               	movwf	I2C_Master_Write@d
   676     079B  3000               	movlw	0
   677     079C  00F1               	movwf	I2C_Master_Write@d+1
   678     079D  120A  118A  2692  120A  118A  	fcall	_I2C_Master_Write
   679     07A2                     l1116:
   680                           
   681                           ;pruebaI2C.c: 53:         I2C_Master_Write(PORTB);
   682     07A2  1283               	bcf	3,5	;RP0=0, select bank0
   683     07A3  1303               	bcf	3,6	;RP1=0, select bank0
   684     07A4  0806               	movf	6,w	;volatile
   685     07A5  00A8               	movwf	??_main
   686     07A6  01A9               	clrf	??_main+1
   687     07A7  0828               	movf	??_main,w
   688     07A8  00F0               	movwf	I2C_Master_Write@d
   689     07A9  0829               	movf	??_main+1,w
   690     07AA  00F1               	movwf	I2C_Master_Write@d+1
   691     07AB  120A  118A  2692  120A  118A  	fcall	_I2C_Master_Write
   692     07B0                     l1118:
   693                           
   694                           ;pruebaI2C.c: 54:         I2C_Master_Stop();
   695     07B0  120A  118A  2689  120A  118A  	fcall	_I2C_Master_Stop
   696     07B5                     l1120:
   697                           
   698                           ;pruebaI2C.c: 55:         _delay((unsigned long)((200)*(8000000/4000.0)));
   699     07B5  3003               	movlw	3
   700     07B6  1283               	bcf	3,5	;RP0=0, select bank0
   701     07B7  1303               	bcf	3,6	;RP1=0, select bank0
   702     07B8  00AA               	movwf	??_main+2
   703     07B9  3008               	movlw	8
   704     07BA  00A9               	movwf	??_main+1
   705     07BB  3076               	movlw	118
   706     07BC  00A8               	movwf	??_main
   707     07BD                     u457:
   708     07BD  0BA8               	decfsz	??_main,f
   709     07BE  2FBD               	goto	u457
   710     07BF  0BA9               	decfsz	??_main+1,f
   711     07C0  2FBD               	goto	u457
   712     07C1  0BAA               	decfsz	??_main+2,f
   713     07C2  2FBD               	goto	u457
   714     07C3  0000               	nop
   715     07C4                     l1122:
   716                           
   717                           ;pruebaI2C.c: 57:         I2C_Master_Start();
   718     07C4  120A  118A  2680  120A  118A  	fcall	_I2C_Master_Start
   719     07C9                     l1124:
   720                           
   721                           ;pruebaI2C.c: 58:         I2C_Master_Write(0x51);
   722     07C9  3051               	movlw	81
   723     07CA  00F0               	movwf	I2C_Master_Write@d
   724     07CB  3000               	movlw	0
   725     07CC  00F1               	movwf	I2C_Master_Write@d+1
   726     07CD  120A  118A  2692  120A  118A  	fcall	_I2C_Master_Write
   727     07D2                     l1126:
   728                           
   729                           ;pruebaI2C.c: 59:         PORTD = I2C_Master_Read(0);
   730     07D2  3000               	movlw	0
   731     07D3  00F0               	movwf	I2C_Master_Read@a
   732     07D4  00F1               	movwf	I2C_Master_Read@a+1
   733     07D5  120A  118A  26C3  120A  118A  	fcall	_I2C_Master_Read
   734     07DA  0870               	movf	?_I2C_Master_Read,w
   735     07DB  1283               	bcf	3,5	;RP0=0, select bank0
   736     07DC  1303               	bcf	3,6	;RP1=0, select bank0
   737     07DD  0088               	movwf	8	;volatile
   738     07DE                     l1128:
   739                           
   740                           ;pruebaI2C.c: 60:         I2C_Master_Stop();
   741     07DE  120A  118A  2689  120A  118A  	fcall	_I2C_Master_Stop
   742     07E3                     l1130:
   743                           
   744                           ;pruebaI2C.c: 61:         _delay((unsigned long)((200)*(8000000/4000.0)));
   745     07E3  3003               	movlw	3
   746     07E4  1283               	bcf	3,5	;RP0=0, select bank0
   747     07E5  1303               	bcf	3,6	;RP1=0, select bank0
   748     07E6  00AA               	movwf	??_main+2
   749     07E7  3008               	movlw	8
   750     07E8  00A9               	movwf	??_main+1
   751     07E9  3076               	movlw	118
   752     07EA  00A8               	movwf	??_main
   753     07EB                     u467:
   754     07EB  0BA8               	decfsz	??_main,f
   755     07EC  2FEB               	goto	u467
   756     07ED  0BA9               	decfsz	??_main+1,f
   757     07EE  2FEB               	goto	u467
   758     07EF  0BAA               	decfsz	??_main+2,f
   759     07F0  2FEB               	goto	u467
   760     07F1  0000               	nop
   761     07F2                     l1132:
   762                           
   763                           ;pruebaI2C.c: 62:         PORTB++;
   764     07F2  3001               	movlw	1
   765     07F3  00FF               	movwf	btemp+1
   766     07F4  087F               	movf	btemp+1,w
   767     07F5  1283               	bcf	3,5	;RP0=0, select bank0
   768     07F6  1303               	bcf	3,6	;RP1=0, select bank0
   769     07F7  0786               	addwf	6,f	;volatile
   770     07F8  2F94               	goto	l1112
   771     07F9  120A  118A  2800   	ljmp	start
   772     07FC                     __end_of_main:
   773                           
   774                           	psect	text1
   775     06A9                     __ptext1:	
   776 ;; *************** function _setup *****************
   777 ;; Defined at:
   778 ;;		line 69 in file "pruebaI2C.c"
   779 ;; Parameters:    Size  Location     Type
   780 ;;		None
   781 ;; Auto vars:     Size  Location     Type
   782 ;;		None
   783 ;; Return value:  Size  Location     Type
   784 ;;                  1    wreg      void 
   785 ;; Registers used:
   786 ;;		wreg, status,2, status,0, btemp+1, pclath, cstack
   787 ;; Tracked objects:
   788 ;;		On entry : 0/0
   789 ;;		On exit  : 0/0
   790 ;;		Unchanged: 0/0
   791 ;; Data sizes:     COMMON   BANK0   BANK1   BANK3   BANK2
   792 ;;      Params:         0       0       0       0       0
   793 ;;      Locals:         0       0       0       0       0
   794 ;;      Temps:          0       0       0       0       0
   795 ;;      Totals:         0       0       0       0       0
   796 ;;Total ram usage:        0 bytes
   797 ;; Hardware stack levels used: 1
   798 ;; Hardware stack levels required when called: 2
   799 ;; This function calls:
   800 ;;		_I2C_Master_Init
   801 ;; This function is called by:
   802 ;;		_main
   803 ;; This function uses a non-reentrant model
   804 ;;
   805                           
   806     06A9                     _setup:	
   807                           ;psect for function _setup
   808                           
   809     06A9                     l1090:	
   810                           ;incstack = 0
   811                           ; Regs used in _setup: [wreg+status,2+status,0+btemp+1+pclath+cstack]
   812                           
   813                           
   814                           ;pruebaI2C.c: 70:     ANSEL = 0;
   815     06A9  1683               	bsf	3,5	;RP0=1, select bank3
   816     06AA  1703               	bsf	3,6	;RP1=1, select bank3
   817     06AB  0188               	clrf	8	;volatile
   818                           
   819                           ;pruebaI2C.c: 71:     ANSELH = 0;
   820     06AC  0189               	clrf	9	;volatile
   821                           
   822                           ;pruebaI2C.c: 72:     TRISB = 0;
   823     06AD  1683               	bsf	3,5	;RP0=1, select bank1
   824     06AE  1303               	bcf	3,6	;RP1=0, select bank1
   825     06AF  0186               	clrf	6	;volatile
   826                           
   827                           ;pruebaI2C.c: 73:     TRISD = 0;
   828     06B0  0188               	clrf	8	;volatile
   829                           
   830                           ;pruebaI2C.c: 74:     PORTB = 0;
   831     06B1  1283               	bcf	3,5	;RP0=0, select bank0
   832     06B2  1303               	bcf	3,6	;RP1=0, select bank0
   833     06B3  0186               	clrf	6	;volatile
   834                           
   835                           ;pruebaI2C.c: 75:     PORTD = 0;
   836     06B4  0188               	clrf	8	;volatile
   837     06B5                     l1092:
   838                           
   839                           ;pruebaI2C.c: 76:     I2C_Master_Init(100000);
   840     06B5  3000               	movlw	0
   841     06B6  00A3               	movwf	I2C_Master_Init@c+3
   842     06B7  3001               	movlw	1
   843     06B8  00A2               	movwf	I2C_Master_Init@c+2
   844     06B9  3086               	movlw	134
   845     06BA  00A1               	movwf	I2C_Master_Init@c+1
   846     06BB  30A0               	movlw	160
   847     06BC  00A0               	movwf	I2C_Master_Init@c
   848     06BD  120A  118A  26F1  120A  118A  	fcall	_I2C_Master_Init
   849     06C2                     l200:
   850     06C2  0008               	return
   851     06C3                     __end_of_setup:
   852                           
   853                           	psect	text2
   854     06F1                     __ptext2:	
   855 ;; *************** function _I2C_Master_Init *****************
   856 ;; Defined at:
   857 ;;		line 16 in file "I2C.c"
   858 ;; Parameters:    Size  Location     Type
   859 ;;  c               4    0[BANK0 ] const unsigned long 
   860 ;; Auto vars:     Size  Location     Type
   861 ;;		None
   862 ;; Return value:  Size  Location     Type
   863 ;;                  1    wreg      void 
   864 ;; Registers used:
   865 ;;		wreg, status,2, status,0, btemp+1, pclath, cstack
   866 ;; Tracked objects:
   867 ;;		On entry : 0/0
   868 ;;		On exit  : 0/0
   869 ;;		Unchanged: 0/0
   870 ;; Data sizes:     COMMON   BANK0   BANK1   BANK3   BANK2
   871 ;;      Params:         0       4       0       0       0
   872 ;;      Locals:         0       0       0       0       0
   873 ;;      Temps:          0       4       0       0       0
   874 ;;      Totals:         0       8       0       0       0
   875 ;;Total ram usage:        8 bytes
   876 ;; Hardware stack levels used: 1
   877 ;; Hardware stack levels required when called: 1
   878 ;; This function calls:
   879 ;;		___lldiv
   880 ;; This function is called by:
   881 ;;		_setup
   882 ;; This function uses a non-reentrant model
   883 ;;
   884                           
   885     06F1                     _I2C_Master_Init:	
   886                           ;psect for function _I2C_Master_Init
   887                           
   888     06F1                     l1058:	
   889                           ;incstack = 0
   890                           ; Regs used in _I2C_Master_Init: [wreg+status,2+status,0+btemp+1+pclath+cstack]
   891                           
   892                           
   893                           ;I2C.c: 16: void I2C_Master_Init(const unsigned long c);I2C.c: 17: {;I2C.c: 18:     SSPC
      +                          ON = 0b00101000;
   894     06F1  3028               	movlw	40
   895     06F2  1283               	bcf	3,5	;RP0=0, select bank0
   896     06F3  1303               	bcf	3,6	;RP1=0, select bank0
   897     06F4  0094               	movwf	20	;volatile
   898     06F5                     l1060:
   899                           
   900                           ;I2C.c: 19:     SSPCON2 = 0;
   901     06F5  1683               	bsf	3,5	;RP0=1, select bank1
   902     06F6  1303               	bcf	3,6	;RP1=0, select bank1
   903     06F7  0191               	clrf	17	;volatile
   904     06F8                     l1062:
   905                           
   906                           ;I2C.c: 20:     SSPADD = (8000000/(4*c))-1;
   907     06F8  1283               	bcf	3,5	;RP0=0, select bank0
   908     06F9  1303               	bcf	3,6	;RP1=0, select bank0
   909     06FA  0820               	movf	I2C_Master_Init@c,w
   910     06FB  00A4               	movwf	??_I2C_Master_Init
   911     06FC  0821               	movf	I2C_Master_Init@c+1,w
   912     06FD  00A5               	movwf	??_I2C_Master_Init+1
   913     06FE  0822               	movf	I2C_Master_Init@c+2,w
   914     06FF  00A6               	movwf	??_I2C_Master_Init+2
   915     0700  0823               	movf	I2C_Master_Init@c+3,w
   916     0701  00A7               	movwf	??_I2C_Master_Init+3
   917     0702  3002               	movlw	2
   918     0703                     u385:
   919     0703  1003               	clrc
   920     0704  0DA4               	rlf	??_I2C_Master_Init,f
   921     0705  0DA5               	rlf	??_I2C_Master_Init+1,f
   922     0706  0DA6               	rlf	??_I2C_Master_Init+2,f
   923     0707  0DA7               	rlf	??_I2C_Master_Init+3,f
   924     0708                     u380:
   925     0708  3EFF               	addlw	-1
   926     0709  1D03               	skipz
   927     070A  2F03               	goto	u385
   928     070B  0827               	movf	??_I2C_Master_Init+3,w
   929     070C  00F3               	movwf	___lldiv@divisor+3
   930     070D  0826               	movf	??_I2C_Master_Init+2,w
   931     070E  00F2               	movwf	___lldiv@divisor+2
   932     070F  0825               	movf	??_I2C_Master_Init+1,w
   933     0710  00F1               	movwf	___lldiv@divisor+1
   934     0711  0824               	movf	??_I2C_Master_Init,w
   935     0712  00F0               	movwf	___lldiv@divisor
   936     0713  3000               	movlw	0
   937     0714  00F7               	movwf	___lldiv@dividend+3
   938     0715  307A               	movlw	122
   939     0716  00F6               	movwf	___lldiv@dividend+2
   940     0717  3012               	movlw	18
   941     0718  00F5               	movwf	___lldiv@dividend+1
   942     0719  3000               	movlw	0
   943     071A  00F4               	movwf	___lldiv@dividend
   944     071B  120A  118A  2729  120A  118A  	fcall	___lldiv
   945     0720  0870               	movf	?___lldiv,w
   946     0721  3EFF               	addlw	255
   947     0722  1683               	bsf	3,5	;RP0=1, select bank1
   948     0723  1303               	bcf	3,6	;RP1=0, select bank1
   949     0724  0093               	movwf	19	;volatile
   950     0725                     l1064:
   951                           
   952                           ;I2C.c: 21:     SSPSTAT = 0;
   953     0725  0194               	clrf	20	;volatile
   954     0726                     l1066:
   955                           
   956                           ;I2C.c: 22:     TRISCbits.TRISC3 = 1;
   957     0726  1587               	bsf	7,3	;volatile
   958     0727                     l1068:
   959                           
   960                           ;I2C.c: 23:     TRISCbits.TRISC4 = 1;
   961     0727  1607               	bsf	7,4	;volatile
   962     0728                     l29:
   963     0728  0008               	return
   964     0729                     __end_of_I2C_Master_Init:
   965                           
   966                           	psect	text3
   967     0729                     __ptext3:	
   968 ;; *************** function ___lldiv *****************
   969 ;; Defined at:
   970 ;;		line 5 in file "C:\Program Files\Microchip\xc8\v2.41\pic\sources\c90\common\__lldiv.c"
   971 ;; Parameters:    Size  Location     Type
   972 ;;  divisor         4    0[COMMON] unsigned long 
   973 ;;  dividend        4    4[COMMON] unsigned long 
   974 ;; Auto vars:     Size  Location     Type
   975 ;;  quotient        4    9[COMMON] unsigned long 
   976 ;;  counter         1   13[COMMON] unsigned char 
   977 ;; Return value:  Size  Location     Type
   978 ;;                  4    0[COMMON] unsigned long 
   979 ;; Registers used:
   980 ;;		wreg, status,2, status,0, btemp+1
   981 ;; Tracked objects:
   982 ;;		On entry : 0/0
   983 ;;		On exit  : 0/0
   984 ;;		Unchanged: 0/0
   985 ;; Data sizes:     COMMON   BANK0   BANK1   BANK3   BANK2
   986 ;;      Params:         8       0       0       0       0
   987 ;;      Locals:         5       0       0       0       0
   988 ;;      Temps:          1       0       0       0       0
   989 ;;      Totals:        14       0       0       0       0
   990 ;;Total ram usage:       14 bytes
   991 ;; Hardware stack levels used: 1
   992 ;; This function calls:
   993 ;;		Nothing
   994 ;; This function is called by:
   995 ;;		_I2C_Master_Init
   996 ;;		_UART_Init
   997 ;; This function uses a non-reentrant model
   998 ;;
   999                           
  1000     0729                     ___lldiv:	
  1001                           ;psect for function ___lldiv
  1002                           
  1003     0729                     l1032:	
  1004                           ;incstack = 0
  1005                           ; Regs used in ___lldiv: [wreg+status,2+status,0+btemp+1]
  1006                           
  1007     0729  3000               	movlw	0
  1008     072A  00FC               	movwf	___lldiv@quotient+3
  1009     072B  3000               	movlw	0
  1010     072C  00FB               	movwf	___lldiv@quotient+2
  1011     072D  3000               	movlw	0
  1012     072E  00FA               	movwf	___lldiv@quotient+1
  1013     072F  3000               	movlw	0
  1014     0730  00F9               	movwf	___lldiv@quotient
  1015     0731  0873               	movf	___lldiv@divisor+3,w
  1016     0732  0472               	iorwf	___lldiv@divisor+2,w
  1017     0733  0471               	iorwf	___lldiv@divisor+1,w
  1018     0734  0470               	iorwf	___lldiv@divisor,w
  1019     0735  1903               	skipnz
  1020     0736  2F38               	goto	u311
  1021     0737  2F39               	goto	u310
  1022     0738                     u311:
  1023     0738  2F86               	goto	l1054
  1024     0739                     u310:
  1025     0739                     l1034:
  1026     0739  01FD               	clrf	___lldiv@counter
  1027     073A  0AFD               	incf	___lldiv@counter,f
  1028     073B  2F49               	goto	l1040
  1029     073C                     l1036:
  1030     073C  3001               	movlw	1
  1031     073D  00F8               	movwf	??___lldiv
  1032     073E                     u325:
  1033     073E  1003               	clrc
  1034     073F  0DF0               	rlf	___lldiv@divisor,f
  1035     0740  0DF1               	rlf	___lldiv@divisor+1,f
  1036     0741  0DF2               	rlf	___lldiv@divisor+2,f
  1037     0742  0DF3               	rlf	___lldiv@divisor+3,f
  1038     0743  0BF8               	decfsz	??___lldiv,f
  1039     0744  2F3E               	goto	u325
  1040     0745                     l1038:
  1041     0745  3001               	movlw	1
  1042     0746  00FF               	movwf	btemp+1
  1043     0747  087F               	movf	btemp+1,w
  1044     0748  07FD               	addwf	___lldiv@counter,f
  1045     0749                     l1040:
  1046     0749  1FF3               	btfss	___lldiv@divisor+3,7
  1047     074A  2F4C               	goto	u331
  1048     074B  2F4D               	goto	u330
  1049     074C                     u331:
  1050     074C  2F3C               	goto	l1036
  1051     074D                     u330:
  1052     074D                     l1042:
  1053     074D  3001               	movlw	1
  1054     074E  00F8               	movwf	??___lldiv
  1055     074F                     u345:
  1056     074F  1003               	clrc
  1057     0750  0DF9               	rlf	___lldiv@quotient,f
  1058     0751  0DFA               	rlf	___lldiv@quotient+1,f
  1059     0752  0DFB               	rlf	___lldiv@quotient+2,f
  1060     0753  0DFC               	rlf	___lldiv@quotient+3,f
  1061     0754  0BF8               	decfsz	??___lldiv,f
  1062     0755  2F4F               	goto	u345
  1063     0756                     l1044:
  1064     0756  0873               	movf	___lldiv@divisor+3,w
  1065     0757  0277               	subwf	___lldiv@dividend+3,w
  1066     0758  1D03               	skipz
  1067     0759  2F64               	goto	u355
  1068     075A  0872               	movf	___lldiv@divisor+2,w
  1069     075B  0276               	subwf	___lldiv@dividend+2,w
  1070     075C  1D03               	skipz
  1071     075D  2F64               	goto	u355
  1072     075E  0871               	movf	___lldiv@divisor+1,w
  1073     075F  0275               	subwf	___lldiv@dividend+1,w
  1074     0760  1D03               	skipz
  1075     0761  2F64               	goto	u355
  1076     0762  0870               	movf	___lldiv@divisor,w
  1077     0763  0274               	subwf	___lldiv@dividend,w
  1078     0764                     u355:
  1079     0764  1C03               	skipc
  1080     0765  2F67               	goto	u351
  1081     0766  2F68               	goto	u350
  1082     0767                     u351:
  1083     0767  2F77               	goto	l1050
  1084     0768                     u350:
  1085     0768                     l1046:
  1086     0768  0870               	movf	___lldiv@divisor,w
  1087     0769  02F4               	subwf	___lldiv@dividend,f
  1088     076A  0871               	movf	___lldiv@divisor+1,w
  1089     076B  1C03               	skipc
  1090     076C  0F71               	incfsz	___lldiv@divisor+1,w
  1091     076D  02F5               	subwf	___lldiv@dividend+1,f
  1092     076E  0872               	movf	___lldiv@divisor+2,w
  1093     076F  1C03               	skipc
  1094     0770  0F72               	incfsz	___lldiv@divisor+2,w
  1095     0771  02F6               	subwf	___lldiv@dividend+2,f
  1096     0772  0873               	movf	___lldiv@divisor+3,w
  1097     0773  1C03               	skipc
  1098     0774  0F73               	incfsz	___lldiv@divisor+3,w
  1099     0775  02F7               	subwf	___lldiv@dividend+3,f
  1100     0776                     l1048:
  1101     0776  1479               	bsf	___lldiv@quotient,0
  1102     0777                     l1050:
  1103     0777  3001               	movlw	1
  1104     0778                     u365:
  1105     0778  1003               	clrc
  1106     0779  0CF3               	rrf	___lldiv@divisor+3,f
  1107     077A  0CF2               	rrf	___lldiv@divisor+2,f
  1108     077B  0CF1               	rrf	___lldiv@divisor+1,f
  1109     077C  0CF0               	rrf	___lldiv@divisor,f
  1110     077D  3EFF               	addlw	-1
  1111     077E  1D03               	skipz
  1112     077F  2F78               	goto	u365
  1113     0780                     l1052:
  1114     0780  3001               	movlw	1
  1115     0781  02FD               	subwf	___lldiv@counter,f
  1116     0782  1D03               	btfss	3,2
  1117     0783  2F85               	goto	u371
  1118     0784  2F86               	goto	u370
  1119     0785                     u371:
  1120     0785  2F4D               	goto	l1042
  1121     0786                     u370:
  1122     0786                     l1054:
  1123     0786  087C               	movf	___lldiv@quotient+3,w
  1124     0787  00F3               	movwf	?___lldiv+3
  1125     0788  087B               	movf	___lldiv@quotient+2,w
  1126     0789  00F2               	movwf	?___lldiv+2
  1127     078A  087A               	movf	___lldiv@quotient+1,w
  1128     078B  00F1               	movwf	?___lldiv+1
  1129     078C  0879               	movf	___lldiv@quotient,w
  1130     078D  00F0               	movwf	?___lldiv
  1131     078E                     l322:
  1132     078E  0008               	return
  1133     078F                     __end_of___lldiv:
  1134                           
  1135                           	psect	text4
  1136     0692                     __ptext4:	
  1137 ;; *************** function _I2C_Master_Write *****************
  1138 ;; Defined at:
  1139 ;;		line 65 in file "I2C.c"
  1140 ;; Parameters:    Size  Location     Type
  1141 ;;  d               2    0[COMMON] unsigned int 
  1142 ;; Auto vars:     Size  Location     Type
  1143 ;;		None
  1144 ;; Return value:  Size  Location     Type
  1145 ;;                  1    wreg      void 
  1146 ;; Registers used:
  1147 ;;		wreg, status,2, status,0, pclath, cstack
  1148 ;; Tracked objects:
  1149 ;;		On entry : 0/0
  1150 ;;		On exit  : 0/0
  1151 ;;		Unchanged: 0/0
  1152 ;; Data sizes:     COMMON   BANK0   BANK1   BANK3   BANK2
  1153 ;;      Params:         2       0       0       0       0
  1154 ;;      Locals:         0       0       0       0       0
  1155 ;;      Temps:          0       0       0       0       0
  1156 ;;      Totals:         2       0       0       0       0
  1157 ;;Total ram usage:        2 bytes
  1158 ;; Hardware stack levels used: 1
  1159 ;; Hardware stack levels required when called: 1
  1160 ;; This function calls:
  1161 ;;		_I2C_Master_Wait
  1162 ;; This function is called by:
  1163 ;;		_main
  1164 ;; This function uses a non-reentrant model
  1165 ;;
  1166                           
  1167     0692                     _I2C_Master_Write:	
  1168                           ;psect for function _I2C_Master_Write
  1169                           
  1170     0692                     l1070:	
  1171                           ;incstack = 0
  1172                           ; Regs used in _I2C_Master_Write: [wreg+status,2+status,0+pclath+cstack]
  1173                           
  1174                           
  1175                           ;I2C.c: 65: void I2C_Master_Write(unsigned d);I2C.c: 66: {;I2C.c: 67:     I2C_Master_Wai
      +                          t();
  1176     0692  120A  118A  269C  120A  118A  	fcall	_I2C_Master_Wait
  1177     0697                     l1072:
  1178                           
  1179                           ;I2C.c: 68:     SSPBUF = d;
  1180     0697  0870               	movf	I2C_Master_Write@d,w
  1181     0698  1283               	bcf	3,5	;RP0=0, select bank0
  1182     0699  1303               	bcf	3,6	;RP1=0, select bank0
  1183     069A  0093               	movwf	19	;volatile
  1184     069B                     l47:
  1185     069B  0008               	return
  1186     069C                     __end_of_I2C_Master_Write:
  1187                           
  1188                           	psect	text5
  1189     0689                     __ptext5:	
  1190 ;; *************** function _I2C_Master_Stop *****************
  1191 ;; Defined at:
  1192 ;;		line 55 in file "I2C.c"
  1193 ;; Parameters:    Size  Location     Type
  1194 ;;		None
  1195 ;; Auto vars:     Size  Location     Type
  1196 ;;		None
  1197 ;; Return value:  Size  Location     Type
  1198 ;;                  1    wreg      void 
  1199 ;; Registers used:
  1200 ;;		wreg, status,2, status,0, pclath, cstack
  1201 ;; Tracked objects:
  1202 ;;		On entry : 0/0
  1203 ;;		On exit  : 0/0
  1204 ;;		Unchanged: 0/0
  1205 ;; Data sizes:     COMMON   BANK0   BANK1   BANK3   BANK2
  1206 ;;      Params:         0       0       0       0       0
  1207 ;;      Locals:         0       0       0       0       0
  1208 ;;      Temps:          0       0       0       0       0
  1209 ;;      Totals:         0       0       0       0       0
  1210 ;;Total ram usage:        0 bytes
  1211 ;; Hardware stack levels used: 1
  1212 ;; Hardware stack levels required when called: 1
  1213 ;; This function calls:
  1214 ;;		_I2C_Master_Wait
  1215 ;; This function is called by:
  1216 ;;		_main
  1217 ;; This function uses a non-reentrant model
  1218 ;;
  1219                           
  1220     0689                     _I2C_Master_Stop:	
  1221                           ;psect for function _I2C_Master_Stop
  1222                           
  1223     0689                     l848:	
  1224                           ;incstack = 0
  1225                           ; Regs used in _I2C_Master_Stop: [wreg+status,2+status,0+pclath+cstack]
  1226                           
  1227                           
  1228                           ;I2C.c: 57:     I2C_Master_Wait();
  1229     0689  120A  118A  269C  120A  118A  	fcall	_I2C_Master_Wait
  1230     068E                     l850:
  1231                           
  1232                           ;I2C.c: 58:     SSPCON2bits.PEN = 1;
  1233     068E  1683               	bsf	3,5	;RP0=1, select bank1
  1234     068F  1303               	bcf	3,6	;RP1=0, select bank1
  1235     0690  1511               	bsf	17,2	;volatile
  1236     0691                     l44:
  1237     0691  0008               	return
  1238     0692                     __end_of_I2C_Master_Stop:
  1239                           
  1240                           	psect	text6
  1241     0680                     __ptext6:	
  1242 ;; *************** function _I2C_Master_Start *****************
  1243 ;; Defined at:
  1244 ;;		line 39 in file "I2C.c"
  1245 ;; Parameters:    Size  Location     Type
  1246 ;;		None
  1247 ;; Auto vars:     Size  Location     Type
  1248 ;;		None
  1249 ;; Return value:  Size  Location     Type
  1250 ;;                  1    wreg      void 
  1251 ;; Registers used:
  1252 ;;		wreg, status,2, status,0, pclath, cstack
  1253 ;; Tracked objects:
  1254 ;;		On entry : 0/0
  1255 ;;		On exit  : 0/0
  1256 ;;		Unchanged: 0/0
  1257 ;; Data sizes:     COMMON   BANK0   BANK1   BANK3   BANK2
  1258 ;;      Params:         0       0       0       0       0
  1259 ;;      Locals:         0       0       0       0       0
  1260 ;;      Temps:          0       0       0       0       0
  1261 ;;      Totals:         0       0       0       0       0
  1262 ;;Total ram usage:        0 bytes
  1263 ;; Hardware stack levels used: 1
  1264 ;; Hardware stack levels required when called: 1
  1265 ;; This function calls:
  1266 ;;		_I2C_Master_Wait
  1267 ;; This function is called by:
  1268 ;;		_main
  1269 ;; This function uses a non-reentrant model
  1270 ;;
  1271                           
  1272     0680                     _I2C_Master_Start:	
  1273                           ;psect for function _I2C_Master_Start
  1274                           
  1275     0680                     l844:	
  1276                           ;incstack = 0
  1277                           ; Regs used in _I2C_Master_Start: [wreg+status,2+status,0+pclath+cstack]
  1278                           
  1279                           
  1280                           ;I2C.c: 41:     I2C_Master_Wait();
  1281     0680  120A  118A  269C  120A  118A  	fcall	_I2C_Master_Wait
  1282     0685                     l846:
  1283                           
  1284                           ;I2C.c: 42:     SSPCON2bits.SEN = 1;
  1285     0685  1683               	bsf	3,5	;RP0=1, select bank1
  1286     0686  1303               	bcf	3,6	;RP1=0, select bank1
  1287     0687  1411               	bsf	17,0	;volatile
  1288     0688                     l38:
  1289     0688  0008               	return
  1290     0689                     __end_of_I2C_Master_Start:
  1291                           
  1292                           	psect	text7
  1293     06C3                     __ptext7:	
  1294 ;; *************** function _I2C_Master_Read *****************
  1295 ;; Defined at:
  1296 ;;		line 74 in file "I2C.c"
  1297 ;; Parameters:    Size  Location     Type
  1298 ;;  a               2    0[COMMON] unsigned short 
  1299 ;; Auto vars:     Size  Location     Type
  1300 ;;  temp            2    4[COMMON] unsigned short 
  1301 ;; Return value:  Size  Location     Type
  1302 ;;                  2    0[COMMON] unsigned short 
  1303 ;; Registers used:
  1304 ;;		wreg, status,2, status,0, pclath, cstack
  1305 ;; Tracked objects:
  1306 ;;		On entry : 0/0
  1307 ;;		On exit  : 0/0
  1308 ;;		Unchanged: 0/0
  1309 ;; Data sizes:     COMMON   BANK0   BANK1   BANK3   BANK2
  1310 ;;      Params:         2       0       0       0       0
  1311 ;;      Locals:         2       0       0       0       0
  1312 ;;      Temps:          2       0       0       0       0
  1313 ;;      Totals:         6       0       0       0       0
  1314 ;;Total ram usage:        6 bytes
  1315 ;; Hardware stack levels used: 1
  1316 ;; Hardware stack levels required when called: 1
  1317 ;; This function calls:
  1318 ;;		_I2C_Master_Wait
  1319 ;; This function is called by:
  1320 ;;		_main
  1321 ;; This function uses a non-reentrant model
  1322 ;;
  1323                           
  1324     06C3                     _I2C_Master_Read:	
  1325                           ;psect for function _I2C_Master_Read
  1326                           
  1327     06C3                     l1074:	
  1328                           ;incstack = 0
  1329                           ; Regs used in _I2C_Master_Read: [wreg+status,2+status,0+pclath+cstack]
  1330                           
  1331                           
  1332                           ;I2C.c: 74: unsigned short I2C_Master_Read(unsigned short a);I2C.c: 75: {;I2C.c: 76:    
      +                           unsigned short temp;;I2C.c: 77:     I2C_Master_Wait();
  1333     06C3  120A  118A  269C  120A  118A  	fcall	_I2C_Master_Wait
  1334     06C8                     l1076:
  1335                           
  1336                           ;I2C.c: 78:     SSPCON2bits.RCEN = 1;
  1337     06C8  1683               	bsf	3,5	;RP0=1, select bank1
  1338     06C9  1303               	bcf	3,6	;RP1=0, select bank1
  1339     06CA  1591               	bsf	17,3	;volatile
  1340                           
  1341                           ;I2C.c: 79:     I2C_Master_Wait();
  1342     06CB  120A  118A  269C  120A  118A  	fcall	_I2C_Master_Wait
  1343     06D0                     l1078:
  1344                           
  1345                           ;I2C.c: 80:     temp = SSPBUF;
  1346     06D0  1283               	bcf	3,5	;RP0=0, select bank0
  1347     06D1  1303               	bcf	3,6	;RP1=0, select bank0
  1348     06D2  0813               	movf	19,w	;volatile
  1349     06D3  00F2               	movwf	??_I2C_Master_Read
  1350     06D4  01F3               	clrf	??_I2C_Master_Read+1
  1351     06D5  0872               	movf	??_I2C_Master_Read,w
  1352     06D6  00F4               	movwf	I2C_Master_Read@temp
  1353     06D7  0873               	movf	??_I2C_Master_Read+1,w
  1354     06D8  00F5               	movwf	I2C_Master_Read@temp+1
  1355     06D9                     l1080:
  1356                           
  1357                           ;I2C.c: 81:     I2C_Master_Wait();
  1358     06D9  120A  118A  269C  120A  118A  	fcall	_I2C_Master_Wait
  1359     06DE                     l1082:
  1360                           
  1361                           ;I2C.c: 82:     if(a == 1){
  1362     06DE  0370               	decf	I2C_Master_Read@a,w
  1363     06DF  0471               	iorwf	I2C_Master_Read@a+1,w
  1364     06E0  1D03               	btfss	3,2
  1365     06E1  2EE3               	goto	u391
  1366     06E2  2EE4               	goto	u390
  1367     06E3                     u391:
  1368     06E3  2EE8               	goto	l50
  1369     06E4                     u390:
  1370     06E4                     l1084:
  1371                           
  1372                           ;I2C.c: 83:         SSPCON2bits.ACKDT = 0;
  1373     06E4  1683               	bsf	3,5	;RP0=1, select bank1
  1374     06E5  1303               	bcf	3,6	;RP1=0, select bank1
  1375     06E6  1291               	bcf	17,5	;volatile
  1376                           
  1377                           ;I2C.c: 84:     }else{
  1378     06E7  2EEB               	goto	l51
  1379     06E8                     l50:
  1380                           
  1381                           ;I2C.c: 85:         SSPCON2bits.ACKDT = 1;
  1382     06E8  1683               	bsf	3,5	;RP0=1, select bank1
  1383     06E9  1303               	bcf	3,6	;RP1=0, select bank1
  1384     06EA  1691               	bsf	17,5	;volatile
  1385     06EB                     l51:	
  1386                           ;I2C.c: 86:     }
  1387                           
  1388                           
  1389                           ;I2C.c: 87:     SSPCON2bits.ACKEN = 1;
  1390     06EB  1611               	bsf	17,4	;volatile
  1391     06EC                     l1086:
  1392                           
  1393                           ;I2C.c: 88:     return temp;
  1394     06EC  0875               	movf	I2C_Master_Read@temp+1,w
  1395     06ED  00F1               	movwf	?_I2C_Master_Read+1
  1396     06EE  0874               	movf	I2C_Master_Read@temp,w
  1397     06EF  00F0               	movwf	?_I2C_Master_Read
  1398     06F0                     l52:
  1399     06F0  0008               	return
  1400     06F1                     __end_of_I2C_Master_Read:
  1401                           
  1402                           	psect	text8
  1403     069C                     __ptext8:	
  1404 ;; *************** function _I2C_Master_Wait *****************
  1405 ;; Defined at:
  1406 ;;		line 32 in file "I2C.c"
  1407 ;; Parameters:    Size  Location     Type
  1408 ;;		None
  1409 ;; Auto vars:     Size  Location     Type
  1410 ;;		None
  1411 ;; Return value:  Size  Location     Type
  1412 ;;                  1    wreg      void 
  1413 ;; Registers used:
  1414 ;;		wreg, status,2
  1415 ;; Tracked objects:
  1416 ;;		On entry : 0/0
  1417 ;;		On exit  : 0/0
  1418 ;;		Unchanged: 0/0
  1419 ;; Data sizes:     COMMON   BANK0   BANK1   BANK3   BANK2
  1420 ;;      Params:         0       0       0       0       0
  1421 ;;      Locals:         0       0       0       0       0
  1422 ;;      Temps:          0       0       0       0       0
  1423 ;;      Totals:         0       0       0       0       0
  1424 ;;Total ram usage:        0 bytes
  1425 ;; Hardware stack levels used: 1
  1426 ;; This function calls:
  1427 ;;		Nothing
  1428 ;; This function is called by:
  1429 ;;		_I2C_Master_Start
  1430 ;;		_I2C_Master_Stop
  1431 ;;		_I2C_Master_Write
  1432 ;;		_I2C_Master_Read
  1433 ;;		_I2C_Master_RepeatedStart
  1434 ;; This function uses a non-reentrant model
  1435 ;;
  1436                           
  1437     069C                     _I2C_Master_Wait:	
  1438                           ;psect for function _I2C_Master_Wait
  1439                           
  1440     069C                     l830:	
  1441                           ;incstack = 0
  1442                           ; Regs used in _I2C_Master_Wait: [wreg+status,2]
  1443                           
  1444     069C                     l32:	
  1445                           ;I2C.c: 34:     while ((SSPSTAT & 0x04) || (SSPCON2 & 0x1F));
  1446                           
  1447     069C  1683               	bsf	3,5	;RP0=1, select bank1
  1448     069D  1303               	bcf	3,6	;RP1=0, select bank1
  1449     069E  1914               	btfsc	20,2	;volatile
  1450     069F  2EA1               	goto	u91
  1451     06A0  2EA2               	goto	u90
  1452     06A1                     u91:
  1453     06A1  2E9C               	goto	l32
  1454     06A2                     u90:
  1455     06A2                     l832:
  1456     06A2  0811               	movf	17,w	;volatile
  1457     06A3  391F               	andlw	31
  1458     06A4  1D03               	btfss	3,2
  1459     06A5  2EA7               	goto	u101
  1460     06A6  2EA8               	goto	u100
  1461     06A7                     u101:
  1462     06A7  2E9C               	goto	l32
  1463     06A8                     u100:
  1464     06A8                     l35:
  1465     06A8  0008               	return
  1466     06A9                     __end_of_I2C_Master_Wait:
  1467     007E                     btemp	set	126	;btemp
  1468     007E                     wtemp0	set	126
  1469                           
  1470                           	psect	idloc
  1471                           
  1472                           ;Config register IDLOC0 @ 0x2000
  1473                           ;	unspecified, using default values
  1474     2000                     	org	8192
  1475     2000  3FFF               	dw	16383
  1476                           
  1477                           ;Config register IDLOC1 @ 0x2001
  1478                           ;	unspecified, using default values
  1479     2001                     	org	8193
  1480     2001  3FFF               	dw	16383
  1481                           
  1482                           ;Config register IDLOC2 @ 0x2002
  1483                           ;	unspecified, using default values
  1484     2002                     	org	8194
  1485     2002  3FFF               	dw	16383
  1486                           
  1487                           ;Config register IDLOC3 @ 0x2003
  1488                           ;	unspecified, using default values
  1489     2003                     	org	8195
  1490     2003  3FFF               	dw	16383
  1491                           
  1492                           	psect	config
  1493                           
  1494                           ;Config register CONFIG1 @ 0x2007
  1495                           ;	Oscillator Selection bits
  1496                           ;	FOSC = EXTRC_NOCLKOUT, RCIO oscillator: I/O function on RA6/OSC2/CLKOUT pin, RC on RA7
      +                          /OSC1/CLKIN
  1497                           ;	Watchdog Timer Enable bit
  1498                           ;	WDTE = OFF, WDT disabled and can be enabled by SWDTEN bit of the WDTCON register
  1499                           ;	Power-up Timer Enable bit
  1500                           ;	PWRTE = OFF, PWRT disabled
  1501                           ;	RE3/MCLR pin function select bit
  1502                           ;	MCLRE = OFF, RE3/MCLR pin function is digital input, MCLR internally tied to VDD
  1503                           ;	Code Protection bit
  1504                           ;	CP = OFF, Program memory code protection is disabled
  1505                           ;	Data Code Protection bit
  1506                           ;	CPD = OFF, Data memory code protection is disabled
  1507                           ;	Brown Out Reset Selection bits
  1508                           ;	BOREN = OFF, BOR disabled
  1509                           ;	Internal External Switchover bit
  1510                           ;	IESO = OFF, Internal/External Switchover mode is disabled
  1511                           ;	Fail-Safe Clock Monitor Enabled bit
  1512                           ;	FCMEN = OFF, Fail-Safe Clock Monitor is disabled
  1513                           ;	Low Voltage Programming Enable bit
  1514                           ;	LVP = OFF, RB3 pin has digital I/O, HV on MCLR must be used for programming
  1515                           ;	In-Circuit Debugger Mode bit
  1516                           ;	DEBUG = 0x1, unprogrammed default
  1517     2007                     	org	8199
  1518     2007  20D6               	dw	8406
  1519                           
  1520                           ;Config register CONFIG2 @ 0x2008
  1521                           ;	Brown-out Reset Selection bit
  1522                           ;	BOR4V = BOR40V, Brown-out Reset set to 4.0V
  1523                           ;	Flash Program Memory Self Write Enable bits
  1524                           ;	WRT = OFF, Write protection off
  1525     2008                     	org	8200
  1526     2008  3FFF               	dw	16383

Data Sizes:
    Strings     0
    Constant    15
    Data        0
    BSS         0
    Persistent  0
    Stack       0

Auto Spaces:
    Space          Size  Autos    Used
    COMMON           14     14      14
    BANK0            80     11      11
    BANK1            80      0       0
    BANK3            96      0       0
    BANK2            96      0       0

Pointer List with Targets:

    None.

Critical Paths under _main in COMMON

    _I2C_Master_Init->___lldiv

Critical Paths under _main in BANK0

    _setup->_I2C_Master_Init

Critical Paths under _main in BANK1

    None.

Critical Paths under _main in BANK3

    None.

Critical Paths under _main in BANK2

    None.

Call Graph Tables:

 ---------------------------------------------------------------------------------
 (Depth) Function   	        Calls       Base Space   Used Autos Params    Refs
 ---------------------------------------------------------------------------------
 (0) _main                                                 3     3      0    1087
                                              8 BANK0      3     3      0
                    _I2C_Master_Read
                   _I2C_Master_Start
                    _I2C_Master_Stop
                   _I2C_Master_Write
                              _setup
 ---------------------------------------------------------------------------------
 (1) _setup                                                0     0      0     716
                    _I2C_Master_Init
 ---------------------------------------------------------------------------------
 (2) _I2C_Master_Init                                      8     4      4     716
                                              0 BANK0      8     4      4
                            ___lldiv
 ---------------------------------------------------------------------------------
 (3) ___lldiv                                             14     6      8     618
                                              0 COMMON    14     6      8
 ---------------------------------------------------------------------------------
 (1) _I2C_Master_Write                                     2     0      2     250
                                              0 COMMON     2     0      2
                    _I2C_Master_Wait
 ---------------------------------------------------------------------------------
 (1) _I2C_Master_Stop                                      0     0      0       0
                    _I2C_Master_Wait
 ---------------------------------------------------------------------------------
 (1) _I2C_Master_Start                                     0     0      0       0
                    _I2C_Master_Wait
 ---------------------------------------------------------------------------------
 (1) _I2C_Master_Read                                      6     4      2     121
                                              0 COMMON     6     4      2
                    _I2C_Master_Wait
 ---------------------------------------------------------------------------------
 (2) _I2C_Master_Wait                                      0     0      0       0
 ---------------------------------------------------------------------------------
 Estimated maximum stack depth 3
 ---------------------------------------------------------------------------------

 Call Graph Graphs:

 _main (ROOT)
   _I2C_Master_Read
     _I2C_Master_Wait
   _I2C_Master_Start
     _I2C_Master_Wait
   _I2C_Master_Stop
     _I2C_Master_Wait
   _I2C_Master_Write
     _I2C_Master_Wait
   _setup
     _I2C_Master_Init
       ___lldiv

 Address spaces:
Name               Size   Autos  Total    Cost      Usage
BITCOMMON            E      0       0       0        0.0%
EEDATA             100      0       0       0        0.0%
NULL                 0      0       0       0        0.0%
CODE                 0      0       0       0        0.0%
COMMON               E      E       E       1      100.0%
BITSFR0              0      0       0       1        0.0%
SFR0                 0      0       0       1        0.0%
BITSFR1              0      0       0       2        0.0%
SFR1                 0      0       0       2        0.0%
STACK                0      0       0       2        0.0%
ABS                  0      0       0       3        0.0%
BITBANK0            50      0       0       4        0.0%
BITSFR3              0      0       0       4        0.0%
SFR3                 0      0       0       4        0.0%
BANK0               50      B       B       5       13.8%
BITSFR2              0      0       0       5        0.0%
SFR2                 0      0       0       5        0.0%
BITBANK1            50      0       0       6        0.0%
BANK1               50      0       0       7        0.0%
BITBANK3            60      0       0       8        0.0%
BANK3               60      0       0       9        0.0%
BITBANK2            60      0       0      10        0.0%
BANK2               60      0       0      11        0.0%
DATA                 0      0       0      12        0.0%


Microchip Technology PIC Macro Assembler V2.41 build 20230208172133 
Symbol Table                                                                                   Mon Aug 21 16:27:43 2023

                       pc 0002                        l32 069C                        l50 06E8  
                      l35 06A8                        l51 06EB                        l52 06F0  
                      l44 0691                        l29 0728                        l38 0688  
                      l47 069B                        u90 06A2                        u91 06A1  
                      fsr 0004                       l200 06C2                       l322 078E  
                     l830 069C                       l832 06A2                       l850 068E  
                     l844 0680                       l846 0685                       l848 0689  
                     _GIE 005F                       _RD3 0043                       u100 06A8  
                     _RD4 0044                       u101 06A7                       _RD5 0045  
                     _RD6 0046                       _RD7 0047                       u310 0739  
                     u311 0738                       u330 074D                       u331 074C  
                     u325 073E                       u350 0768                       u351 0767  
                     u345 074F                       u370 0786                       u371 0785  
                     u355 0764                       u380 0708                       u365 0778  
                     u390 06E4                       u391 06E3                       u385 0703  
                     u457 07BD                       u467 07EB                      l1110 078F  
                    l1040 0749                      l1032 0729                      l1120 07B5  
                    l1112 0794                      l1050 0777                      l1042 074D  
                    l1034 0739                      l1130 07E3                      l1122 07C4  
                    l1114 0799                      l1052 0780                      l1044 0756  
                    l1036 073C                      l1060 06F5                      l1132 07F2  
                    l1124 07C9                      l1116 07A2                      l1070 0692  
                    l1046 0768                      l1038 0745                      l1054 0786  
                    l1062 06F8                      l1126 07D2                      l1118 07B0  
                    l1080 06D9                      l1072 0697                      l1048 0776  
                    l1064 0725                      l1128 07DE                      l1082 06DE  
                    l1074 06C3                      l1066 0726                      l1058 06F1  
                    l1090 06A9                      l1084 06E4                      l1076 06C8  
                    l1068 0727                      l1092 06B5                      l1086 06EC  
                    l1078 06D0                      _CREN 00C4                      _PEIE 005E  
                    _RCIF 0065                      _OERR 00C1                      _TRMT 04C1  
                    _main 078F                      btemp 007E                      start 0000  
        ?_I2C_Master_Init 0020          ?_I2C_Master_Read 0070          ?_I2C_Master_Wait 0070  
        ?_I2C_Master_Stop 0070                     ?_main 0070                     _ANSEL 0188  
         __end_of___lldiv 078F                     _RCREG 001A                     _RCSTA 0018  
                   _SPBRG 0099                     _PORTB 0006                     _PORTD 0008  
                   _TRISB 0086                     _TRISD 0088                     _SSPIE 0463  
                   _SSPIF 0063                     _TXREG 0019                     _TXSTA 0098  
         __end_of_message 0018                     _setup 06A9                     pclath 000A  
                   status 0003                     wtemp0 007E           __initialization 07FC  
            __end_of_main 07FC                    ??_main 0028         ?_I2C_Master_Start 0070  
       ?_I2C_Master_Write 0070        ??_I2C_Master_Start 0070        ??_I2C_Master_Write 0072  
                  ?_setup 0070                    _ANSELH 0189                    _SSPADD 0093  
                  _TRISC3 043B                    _TRISC4 043C                    _SSPCON 0014  
                  _SSPBUF 0013                 ??___lldiv 0078   __end_of__initialization 07FC  
          __pcstackCOMMON 0070             __end_of_setup 06C3                   ??_setup 007E  
              __pmaintext 078F                   _SSPCON2 0091                   _SSPSTAT 0094  
              __stringtab 0003                   ___lldiv 0729                   __ptext1 06A9  
                 __ptext2 06F1                   __ptext3 0729                   __ptext4 0692  
                 __ptext5 0689                   __ptext6 0680                   __ptext7 06C3  
                 __ptext8 069C                   _message 0009      end_of_initialization 07FC  
         ___lldiv@divisor 0070           ___lldiv@counter 007D          I2C_Master_Init@c 0020  
        I2C_Master_Read@a 0070                 _PORTDbits 0008                 _TRISCbits 0087  
     start_initialization 07FC         ??_I2C_Master_Init 0024         ??_I2C_Master_Read 0072  
       ??_I2C_Master_Wait 0070         ??_I2C_Master_Stop 0070                 ___latbits 0002  
           __pcstackBANK0 0020          _I2C_Master_Start 0680          _I2C_Master_Write 0692  
                ?___lldiv 0070                 __pstrings 0003               __stringbase 0008  
     I2C_Master_Read@temp 0074        __end_of__stringtab 0009           _I2C_Master_Init 06F1  
         _I2C_Master_Read 06C3           _I2C_Master_Wait 069C           _I2C_Master_Stop 0689  
__end_of_I2C_Master_Start 0689  __end_of_I2C_Master_Write 069C          ___lldiv@dividend 0074  
               stringcode 0003   __end_of_I2C_Master_Init 0729   __end_of_I2C_Master_Read 06F1  
 __end_of_I2C_Master_Wait 06A9   __end_of_I2C_Master_Stop 0692          ___lldiv@quotient 0079  
       I2C_Master_Write@d 0070                  stringdir 0003                  stringtab 0003  
             _SSPCON2bits 0091  
